Copyright 1986-2019 Xilinx, Inc. All Rights Reserved.
--------------------------------------------------------------------------------------
| Tool Version : Vivado v.2018.3.1 (lin64) Build 2489853 Tue Mar 26 04:18:30 MDT 2019
| Date         : Thu Mar 30 09:01:33 2023
| Host         : cad104.naist.jp running 64-bit CentOS Linux release 7.9.2009 (Core)
| Command      : upgrade_ip
| Device       : xczu9eg-ffvb1156-2-e
--------------------------------------------------------------------------------------

Upgrade Log for IP 'design_2_emax6_0_0'

1. Summary
----------

SUCCESS in the conversion of design_2_emax6_0_0 (comparch:user:emax6:1.0 (Rev. 2)) to Vivado generation flows.






Copyright 1986-2019 Xilinx, Inc. All Rights Reserved.
--------------------------------------------------------------------------------------
| Tool Version : Vivado v.2018.3.1 (lin64) Build 2489853 Tue Mar 26 04:18:30 MDT 2019
| Date         : Tue Nov  1 13:06:52 2022
| Host         : cad111.naist.jp running 64-bit CentOS Linux release 7.9.2009 (Core)
| Command      : upgrade_ip
| Device       : xczu9eg-ffvb1156-2-e
--------------------------------------------------------------------------------------

Upgrade Log for IP 'design_2_emax6_0_0'

1. Summary
----------

SUCCESS in the conversion of design_2_emax6_0_0 (comparch:user:emax6:1.0 (Rev. 2)) to Vivado generation flows.






Copyright 1986-2019 Xilinx, Inc. All Rights Reserved.
--------------------------------------------------------------------------------------
| Tool Version : Vivado v.2018.3.1 (lin64) Build 2489853 Tue Mar 26 04:18:30 MDT 2019
| Date         : Mon Oct 31 15:59:45 2022
| Host         : cad111.naist.jp running 64-bit CentOS Linux release 7.9.2009 (Core)
| Command      : upgrade_ip
| Device       : xczu9eg-ffvb1156-2-e
--------------------------------------------------------------------------------------

Upgrade Log for IP 'design_2_emax6_0_0'

1. Summary
----------

SUCCESS in the conversion of design_2_emax6_0_0 (comparch:user:emax6:1.0 (Rev. 2)) to Vivado generation flows.






Copyright 1986-2019 Xilinx, Inc. All Rights Reserved.
--------------------------------------------------------------------------------------
| Tool Version : Vivado v.2018.3.1 (lin64) Build 2489853 Tue Mar 26 04:18:30 MDT 2019
| Date         : Tue Oct 18 14:55:25 2022
| Host         : cad105.naist.jp running 64-bit CentOS Linux release 7.9.2009 (Core)
| Command      : upgrade_ip
| Device       : xczu9eg-ffvb1156-2-e
--------------------------------------------------------------------------------------

Upgrade Log for IP 'design_2_emax6_0_0'

1. Summary
----------

SUCCESS in the conversion of design_2_emax6_0_0 (comparch:user:emax6:1.0 (Rev. 2)) to Vivado generation flows.






Copyright 1986-2019 Xilinx, Inc. All Rights Reserved.
--------------------------------------------------------------------------------------
| Tool Version : Vivado v.2018.3.1 (lin64) Build 2489853 Tue Mar 26 04:18:30 MDT 2019
| Date         : Mon Jul 25 15:22:03 2022
| Host         : cad105.naist.jp running 64-bit CentOS Linux release 7.9.2009 (Core)
| Command      : upgrade_ip
| Device       : xczu9eg-ffvb1156-2-e
--------------------------------------------------------------------------------------

Upgrade Log for IP 'design_2_emax6_0_0'

1. Summary
----------

SUCCESS in the conversion of design_2_emax6_0_0 (comparch:user:emax6:1.0 (Rev. 2)) to Vivado generation flows.






Copyright 1986-2019 Xilinx, Inc. All Rights Reserved.
--------------------------------------------------------------------------------------
| Tool Version : Vivado v.2018.3.1 (lin64) Build 2489853 Tue Mar 26 04:18:30 MDT 2019
| Date         : Sun Mar 13 16:35:05 2022
| Host         : cad105.naist.jp running 64-bit CentOS Linux release 7.9.2009 (Core)
| Command      : upgrade_ip
| Device       : xczu9eg-ffvb1156-2-e
--------------------------------------------------------------------------------------

Upgrade Log for IP 'design_2_emax6_0_0'

1. Summary
----------

SUCCESS in the conversion of design_2_emax6_0_0 (comparch:user:emax6:1.0 (Rev. 2)) to Vivado generation flows.






Copyright 1986-2019 Xilinx, Inc. All Rights Reserved.
--------------------------------------------------------------------------------------
| Tool Version : Vivado v.2018.3.1 (lin64) Build 2489853 Tue Mar 26 04:18:30 MDT 2019
| Date         : Wed Mar  9 22:27:05 2022
| Host         : cad605.naist.jp running 64-bit CentOS Linux release 7.9.2009 (Core)
| Command      : upgrade_ip
| Device       : xczu9eg-ffvb1156-2-e
--------------------------------------------------------------------------------------

Upgrade Log for IP 'design_2_emax6_0_0'

1. Summary
----------

SUCCESS in the conversion of design_2_emax6_0_0 (comparch:user:emax6:1.0 (Rev. 2)) to Vivado generation flows.






Copyright 1986-2019 Xilinx, Inc. All Rights Reserved.
--------------------------------------------------------------------------------------
| Tool Version : Vivado v.2018.3.1 (lin64) Build 2489853 Tue Mar 26 04:18:30 MDT 2019
| Date         : Wed Mar  9 10:59:44 2022
| Host         : cad605.naist.jp running 64-bit CentOS Linux release 7.9.2009 (Core)
| Command      : upgrade_ip
| Device       : xczu9eg-ffvb1156-2-e
--------------------------------------------------------------------------------------

Upgrade Log for IP 'design_2_emax6_0_0'

1. Summary
----------

SUCCESS in the conversion of design_2_emax6_0_0 (comparch:user:emax6:1.0 (Rev. 2)) to Vivado generation flows.






Copyright 1986-2019 Xilinx, Inc. All Rights Reserved.
--------------------------------------------------------------------------------------
| Tool Version : Vivado v.2018.3.1 (lin64) Build 2489853 Tue Mar 26 04:18:30 MDT 2019
| Date         : Wed Mar  9 08:55:02 2022
| Host         : cad605.naist.jp running 64-bit CentOS Linux release 7.9.2009 (Core)
| Command      : upgrade_ip
| Device       : xczu9eg-ffvb1156-2-e
--------------------------------------------------------------------------------------

Upgrade Log for IP 'design_2_emax6_0_0'

1. Summary
----------

SUCCESS in the conversion of design_2_emax6_0_0 (comparch:user:emax6:1.0 (Rev. 2)) to Vivado generation flows.






Copyright 1986-2019 Xilinx, Inc. All Rights Reserved.
--------------------------------------------------------------------------------------
| Tool Version : Vivado v.2018.3.1 (lin64) Build 2489853 Tue Mar 26 04:18:30 MDT 2019
| Date         : Tue Mar  8 22:31:40 2022
| Host         : cad605.naist.jp running 64-bit CentOS Linux release 7.9.2009 (Core)
| Command      : upgrade_ip
| Device       : xczu9eg-ffvb1156-2-e
--------------------------------------------------------------------------------------

Upgrade Log for IP 'design_2_emax6_0_0'

1. Summary
----------

SUCCESS in the conversion of design_2_emax6_0_0 (comparch:user:emax6:1.0 (Rev. 2)) to Vivado generation flows.






Copyright 1986-2019 Xilinx, Inc. All Rights Reserved.
--------------------------------------------------------------------------------------
| Tool Version : Vivado v.2018.3.1 (lin64) Build 2489853 Tue Mar 26 04:18:30 MDT 2019
| Date         : Tue Mar  8 17:09:51 2022
| Host         : cad605.naist.jp running 64-bit CentOS Linux release 7.9.2009 (Core)
| Command      : upgrade_ip
| Device       : xczu9eg-ffvb1156-2-e
--------------------------------------------------------------------------------------

Upgrade Log for IP 'design_2_emax6_0_0'

1. Summary
----------

SUCCESS in the conversion of design_2_emax6_0_0 (comparch:user:emax6:1.0 (Rev. 2)) to Vivado generation flows.






Copyright 1986-2019 Xilinx, Inc. All Rights Reserved.
--------------------------------------------------------------------------------------
| Tool Version : Vivado v.2018.3.1 (lin64) Build 2489853 Tue Mar 26 04:18:30 MDT 2019
| Date         : Sat Mar  5 13:29:09 2022
| Host         : cad605.naist.jp running 64-bit CentOS Linux release 7.9.2009 (Core)
| Command      : upgrade_ip
| Device       : xczu9eg-ffvb1156-2-e
--------------------------------------------------------------------------------------

Upgrade Log for IP 'design_2_emax6_0_0'

1. Summary
----------

SUCCESS in the conversion of design_2_emax6_0_0 (comparch:user:emax6:1.0 (Rev. 2)) to Vivado generation flows.






Copyright 1986-2019 Xilinx, Inc. All Rights Reserved.
--------------------------------------------------------------------------------------
| Tool Version : Vivado v.2018.3.1 (lin64) Build 2489853 Tue Mar 26 04:18:30 MDT 2019
| Date         : Fri Mar  4 18:10:44 2022
| Host         : cad106.naist.jp running 64-bit CentOS Linux release 7.9.2009 (Core)
| Command      : upgrade_ip
| Device       : xczu9eg-ffvb1156-2-e
--------------------------------------------------------------------------------------

Upgrade Log for IP 'design_2_emax6_0_0'

1. Summary
----------

SUCCESS in the conversion of design_2_emax6_0_0 (comparch:user:emax6:1.0 (Rev. 2)) to Vivado generation flows.






Copyright 1986-2019 Xilinx, Inc. All Rights Reserved.
--------------------------------------------------------------------------------------
| Tool Version : Vivado v.2018.3.1 (lin64) Build 2489853 Tue Mar 26 04:18:30 MDT 2019
| Date         : Fri Mar  4 09:38:06 2022
| Host         : cad106.naist.jp running 64-bit CentOS Linux release 7.9.2009 (Core)
| Command      : upgrade_ip
| Device       : xczu9eg-ffvb1156-2-e
--------------------------------------------------------------------------------------

Upgrade Log for IP 'design_2_emax6_0_0'

1. Summary
----------

SUCCESS in the conversion of design_2_emax6_0_0 (comparch:user:emax6:1.0 (Rev. 2)) to Vivado generation flows.






Copyright 1986-2019 Xilinx, Inc. All Rights Reserved.
--------------------------------------------------------------------------------------
| Tool Version : Vivado v.2018.3.1 (lin64) Build 2489853 Tue Mar 26 04:18:30 MDT 2019
| Date         : Sun Feb 20 14:18:33 2022
| Host         : cad111.naist.jp running 64-bit CentOS Linux release 7.9.2009 (Core)
| Command      : upgrade_ip
| Device       : xczu9eg-ffvb1156-2-e
--------------------------------------------------------------------------------------

Upgrade Log for IP 'design_2_emax6_0_0'

1. Summary
----------

SUCCESS in the conversion of design_2_emax6_0_0 (comparch:user:emax6:1.0 (Rev. 2)) to Vivado generation flows.






Copyright 1986-2019 Xilinx, Inc. All Rights Reserved.
--------------------------------------------------------------------------------------
| Tool Version : Vivado v.2018.3.1 (lin64) Build 2489853 Tue Mar 26 04:18:30 MDT 2019
| Date         : Sat Feb 19 14:51:23 2022
| Host         : cad111.naist.jp running 64-bit CentOS Linux release 7.9.2009 (Core)
| Command      : upgrade_ip
| Device       : xczu9eg-ffvb1156-2-e
--------------------------------------------------------------------------------------

Upgrade Log for IP 'design_2_emax6_0_0'

1. Summary
----------

SUCCESS in the conversion of design_2_emax6_0_0 (comparch:user:emax6:1.0 (Rev. 2)) to Vivado generation flows.






Copyright 1986-2019 Xilinx, Inc. All Rights Reserved.
--------------------------------------------------------------------------------------
| Tool Version : Vivado v.2018.3.1 (lin64) Build 2489853 Tue Mar 26 04:18:30 MDT 2019
| Date         : Sat Feb 19 11:18:17 2022
| Host         : cad111.naist.jp running 64-bit CentOS Linux release 7.9.2009 (Core)
| Command      : upgrade_ip
| Device       : xczu9eg-ffvb1156-2-e
--------------------------------------------------------------------------------------

Upgrade Log for IP 'design_2_emax6_0_0'

1. Summary
----------

SUCCESS in the conversion of design_2_emax6_0_0 (comparch:user:emax6:1.0 (Rev. 2)) to Vivado generation flows.






Copyright 1986-2019 Xilinx, Inc. All Rights Reserved.
--------------------------------------------------------------------------------------
| Tool Version : Vivado v.2018.3.1 (lin64) Build 2489853 Tue Mar 26 04:18:30 MDT 2019
| Date         : Fri Feb 18 07:15:04 2022
| Host         : cad111.naist.jp running 64-bit CentOS Linux release 7.9.2009 (Core)
| Command      : upgrade_ip
| Device       : xczu9eg-ffvb1156-2-e
--------------------------------------------------------------------------------------

Upgrade Log for IP 'design_2_emax6_0_0'

1. Summary
----------

SUCCESS in the conversion of design_2_emax6_0_0 (comparch:user:emax6:1.0 (Rev. 2)) to Vivado generation flows.

