Copyright 1986-2021 Xilinx, Inc. All Rights Reserved.
------------------------------------------------------------------------------------------------------------------------------------------
| Tool Version : Vivado v.2021.2 (lin64) Build 3367213 Tue Oct 19 02:47:39 MDT 2021
| Date         : Fri Mar 31 17:23:42 2023
| Host         : cad103.naist.jp running 64-bit CentOS Linux release 7.9.2009 (Core)
| Command      : report_drc -file design_1_wrapper_drc_routed.rpt -pb design_1_wrapper_drc_routed.pb -rpx design_1_wrapper_drc_routed.rpx
| Design       : design_1_wrapper
| Device       : xczu9eg-ffvb1156-2-e
| Speed File   : -2
| Design State : Fully Routed
------------------------------------------------------------------------------------------------------------------------------------------

Report DRC

Table of Contents
-----------------
1. REPORT SUMMARY
2. REPORT DETAILS

1. REPORT SUMMARY
-----------------
            Netlist: netlist
          Floorplan: design_1
      Design limits: <entire design considered>
           Ruledeck: default
             Max violations: <unlimited>
             Violations found: 129
+-----------+----------+------------------------+------------+
| Rule      | Severity | Description            | Violations |
+-----------+----------+------------------------+------------+
| DPIP-2    | Warning  | Input pipelining       | 64         |
| DPOP-3    | Warning  | PREG Output pipelining | 32         |
| DPOP-4    | Warning  | MREG Output pipelining | 32         |
| RTSTAT-10 | Warning  | No routable loads      | 1          |
+-----------+----------+------------------------+------------+

2. REPORT DETAILS
-----------------
DPIP-2#1 Warning
Input pipelining  
DSP design_1_i/emax6_0/inst/EMAX6_UNIT[0].unit/stage2_inst/exe1h/s input design_1_i/emax6_0/inst/EMAX6_UNIT[0].unit/stage2_inst/exe1h/s/A[29:0] is not pipelined. Pipelining DSP48 input will improve performance.
Related violations: <none>

DPIP-2#2 Warning
Input pipelining  
DSP design_1_i/emax6_0/inst/EMAX6_UNIT[0].unit/stage2_inst/exe1h/s input design_1_i/emax6_0/inst/EMAX6_UNIT[0].unit/stage2_inst/exe1h/s/B[17:0] is not pipelined. Pipelining DSP48 input will improve performance.
Related violations: <none>

DPIP-2#3 Warning
Input pipelining  
DSP design_1_i/emax6_0/inst/EMAX6_UNIT[0].unit/stage2_inst/exe1h/s__0 input design_1_i/emax6_0/inst/EMAX6_UNIT[0].unit/stage2_inst/exe1h/s__0/A[29:0] is not pipelined. Pipelining DSP48 input will improve performance.
Related violations: <none>

DPIP-2#4 Warning
Input pipelining  
DSP design_1_i/emax6_0/inst/EMAX6_UNIT[0].unit/stage2_inst/exe1h/s__0 input design_1_i/emax6_0/inst/EMAX6_UNIT[0].unit/stage2_inst/exe1h/s__0/B[17:0] is not pipelined. Pipelining DSP48 input will improve performance.
Related violations: <none>

DPIP-2#5 Warning
Input pipelining  
DSP design_1_i/emax6_0/inst/EMAX6_UNIT[0].unit/stage2_inst/exe1l/s input design_1_i/emax6_0/inst/EMAX6_UNIT[0].unit/stage2_inst/exe1l/s/A[29:0] is not pipelined. Pipelining DSP48 input will improve performance.
Related violations: <none>

DPIP-2#6 Warning
Input pipelining  
DSP design_1_i/emax6_0/inst/EMAX6_UNIT[0].unit/stage2_inst/exe1l/s input design_1_i/emax6_0/inst/EMAX6_UNIT[0].unit/stage2_inst/exe1l/s/B[17:0] is not pipelined. Pipelining DSP48 input will improve performance.
Related violations: <none>

DPIP-2#7 Warning
Input pipelining  
DSP design_1_i/emax6_0/inst/EMAX6_UNIT[0].unit/stage2_inst/exe1l/s__0 input design_1_i/emax6_0/inst/EMAX6_UNIT[0].unit/stage2_inst/exe1l/s__0/A[29:0] is not pipelined. Pipelining DSP48 input will improve performance.
Related violations: <none>

DPIP-2#8 Warning
Input pipelining  
DSP design_1_i/emax6_0/inst/EMAX6_UNIT[0].unit/stage2_inst/exe1l/s__0 input design_1_i/emax6_0/inst/EMAX6_UNIT[0].unit/stage2_inst/exe1l/s__0/B[17:0] is not pipelined. Pipelining DSP48 input will improve performance.
Related violations: <none>

DPIP-2#9 Warning
Input pipelining  
DSP design_1_i/emax6_0/inst/EMAX6_UNIT[1].unit/stage2_inst/exe1h/s input design_1_i/emax6_0/inst/EMAX6_UNIT[1].unit/stage2_inst/exe1h/s/A[29:0] is not pipelined. Pipelining DSP48 input will improve performance.
Related violations: <none>

DPIP-2#10 Warning
Input pipelining  
DSP design_1_i/emax6_0/inst/EMAX6_UNIT[1].unit/stage2_inst/exe1h/s input design_1_i/emax6_0/inst/EMAX6_UNIT[1].unit/stage2_inst/exe1h/s/B[17:0] is not pipelined. Pipelining DSP48 input will improve performance.
Related violations: <none>

DPIP-2#11 Warning
Input pipelining  
DSP design_1_i/emax6_0/inst/EMAX6_UNIT[1].unit/stage2_inst/exe1h/s__0 input design_1_i/emax6_0/inst/EMAX6_UNIT[1].unit/stage2_inst/exe1h/s__0/A[29:0] is not pipelined. Pipelining DSP48 input will improve performance.
Related violations: <none>

DPIP-2#12 Warning
Input pipelining  
DSP design_1_i/emax6_0/inst/EMAX6_UNIT[1].unit/stage2_inst/exe1h/s__0 input design_1_i/emax6_0/inst/EMAX6_UNIT[1].unit/stage2_inst/exe1h/s__0/B[17:0] is not pipelined. Pipelining DSP48 input will improve performance.
Related violations: <none>

DPIP-2#13 Warning
Input pipelining  
DSP design_1_i/emax6_0/inst/EMAX6_UNIT[1].unit/stage2_inst/exe1l/s input design_1_i/emax6_0/inst/EMAX6_UNIT[1].unit/stage2_inst/exe1l/s/A[29:0] is not pipelined. Pipelining DSP48 input will improve performance.
Related violations: <none>

DPIP-2#14 Warning
Input pipelining  
DSP design_1_i/emax6_0/inst/EMAX6_UNIT[1].unit/stage2_inst/exe1l/s input design_1_i/emax6_0/inst/EMAX6_UNIT[1].unit/stage2_inst/exe1l/s/B[17:0] is not pipelined. Pipelining DSP48 input will improve performance.
Related violations: <none>

DPIP-2#15 Warning
Input pipelining  
DSP design_1_i/emax6_0/inst/EMAX6_UNIT[1].unit/stage2_inst/exe1l/s__0 input design_1_i/emax6_0/inst/EMAX6_UNIT[1].unit/stage2_inst/exe1l/s__0/A[29:0] is not pipelined. Pipelining DSP48 input will improve performance.
Related violations: <none>

DPIP-2#16 Warning
Input pipelining  
DSP design_1_i/emax6_0/inst/EMAX6_UNIT[1].unit/stage2_inst/exe1l/s__0 input design_1_i/emax6_0/inst/EMAX6_UNIT[1].unit/stage2_inst/exe1l/s__0/B[17:0] is not pipelined. Pipelining DSP48 input will improve performance.
Related violations: <none>

DPIP-2#17 Warning
Input pipelining  
DSP design_1_i/emax6_0/inst/EMAX6_UNIT[2].unit/stage2_inst/exe1h/s input design_1_i/emax6_0/inst/EMAX6_UNIT[2].unit/stage2_inst/exe1h/s/A[29:0] is not pipelined. Pipelining DSP48 input will improve performance.
Related violations: <none>

DPIP-2#18 Warning
Input pipelining  
DSP design_1_i/emax6_0/inst/EMAX6_UNIT[2].unit/stage2_inst/exe1h/s input design_1_i/emax6_0/inst/EMAX6_UNIT[2].unit/stage2_inst/exe1h/s/B[17:0] is not pipelined. Pipelining DSP48 input will improve performance.
Related violations: <none>

DPIP-2#19 Warning
Input pipelining  
DSP design_1_i/emax6_0/inst/EMAX6_UNIT[2].unit/stage2_inst/exe1h/s__0 input design_1_i/emax6_0/inst/EMAX6_UNIT[2].unit/stage2_inst/exe1h/s__0/A[29:0] is not pipelined. Pipelining DSP48 input will improve performance.
Related violations: <none>

DPIP-2#20 Warning
Input pipelining  
DSP design_1_i/emax6_0/inst/EMAX6_UNIT[2].unit/stage2_inst/exe1h/s__0 input design_1_i/emax6_0/inst/EMAX6_UNIT[2].unit/stage2_inst/exe1h/s__0/B[17:0] is not pipelined. Pipelining DSP48 input will improve performance.
Related violations: <none>

DPIP-2#21 Warning
Input pipelining  
DSP design_1_i/emax6_0/inst/EMAX6_UNIT[2].unit/stage2_inst/exe1l/s input design_1_i/emax6_0/inst/EMAX6_UNIT[2].unit/stage2_inst/exe1l/s/A[29:0] is not pipelined. Pipelining DSP48 input will improve performance.
Related violations: <none>

DPIP-2#22 Warning
Input pipelining  
DSP design_1_i/emax6_0/inst/EMAX6_UNIT[2].unit/stage2_inst/exe1l/s input design_1_i/emax6_0/inst/EMAX6_UNIT[2].unit/stage2_inst/exe1l/s/B[17:0] is not pipelined. Pipelining DSP48 input will improve performance.
Related violations: <none>

DPIP-2#23 Warning
Input pipelining  
DSP design_1_i/emax6_0/inst/EMAX6_UNIT[2].unit/stage2_inst/exe1l/s__0 input design_1_i/emax6_0/inst/EMAX6_UNIT[2].unit/stage2_inst/exe1l/s__0/A[29:0] is not pipelined. Pipelining DSP48 input will improve performance.
Related violations: <none>

DPIP-2#24 Warning
Input pipelining  
DSP design_1_i/emax6_0/inst/EMAX6_UNIT[2].unit/stage2_inst/exe1l/s__0 input design_1_i/emax6_0/inst/EMAX6_UNIT[2].unit/stage2_inst/exe1l/s__0/B[17:0] is not pipelined. Pipelining DSP48 input will improve performance.
Related violations: <none>

DPIP-2#25 Warning
Input pipelining  
DSP design_1_i/emax6_0/inst/EMAX6_UNIT[3].unit/stage2_inst/exe1h/s input design_1_i/emax6_0/inst/EMAX6_UNIT[3].unit/stage2_inst/exe1h/s/A[29:0] is not pipelined. Pipelining DSP48 input will improve performance.
Related violations: <none>

DPIP-2#26 Warning
Input pipelining  
DSP design_1_i/emax6_0/inst/EMAX6_UNIT[3].unit/stage2_inst/exe1h/s input design_1_i/emax6_0/inst/EMAX6_UNIT[3].unit/stage2_inst/exe1h/s/B[17:0] is not pipelined. Pipelining DSP48 input will improve performance.
Related violations: <none>

DPIP-2#27 Warning
Input pipelining  
DSP design_1_i/emax6_0/inst/EMAX6_UNIT[3].unit/stage2_inst/exe1h/s__0 input design_1_i/emax6_0/inst/EMAX6_UNIT[3].unit/stage2_inst/exe1h/s__0/A[29:0] is not pipelined. Pipelining DSP48 input will improve performance.
Related violations: <none>

DPIP-2#28 Warning
Input pipelining  
DSP design_1_i/emax6_0/inst/EMAX6_UNIT[3].unit/stage2_inst/exe1h/s__0 input design_1_i/emax6_0/inst/EMAX6_UNIT[3].unit/stage2_inst/exe1h/s__0/B[17:0] is not pipelined. Pipelining DSP48 input will improve performance.
Related violations: <none>

DPIP-2#29 Warning
Input pipelining  
DSP design_1_i/emax6_0/inst/EMAX6_UNIT[3].unit/stage2_inst/exe1l/s input design_1_i/emax6_0/inst/EMAX6_UNIT[3].unit/stage2_inst/exe1l/s/A[29:0] is not pipelined. Pipelining DSP48 input will improve performance.
Related violations: <none>

DPIP-2#30 Warning
Input pipelining  
DSP design_1_i/emax6_0/inst/EMAX6_UNIT[3].unit/stage2_inst/exe1l/s input design_1_i/emax6_0/inst/EMAX6_UNIT[3].unit/stage2_inst/exe1l/s/B[17:0] is not pipelined. Pipelining DSP48 input will improve performance.
Related violations: <none>

DPIP-2#31 Warning
Input pipelining  
DSP design_1_i/emax6_0/inst/EMAX6_UNIT[3].unit/stage2_inst/exe1l/s__0 input design_1_i/emax6_0/inst/EMAX6_UNIT[3].unit/stage2_inst/exe1l/s__0/A[29:0] is not pipelined. Pipelining DSP48 input will improve performance.
Related violations: <none>

DPIP-2#32 Warning
Input pipelining  
DSP design_1_i/emax6_0/inst/EMAX6_UNIT[3].unit/stage2_inst/exe1l/s__0 input design_1_i/emax6_0/inst/EMAX6_UNIT[3].unit/stage2_inst/exe1l/s__0/B[17:0] is not pipelined. Pipelining DSP48 input will improve performance.
Related violations: <none>

DPIP-2#33 Warning
Input pipelining  
DSP design_1_i/emax6_0/inst/EMAX6_UNIT[4].unit/stage2_inst/exe1h/s input design_1_i/emax6_0/inst/EMAX6_UNIT[4].unit/stage2_inst/exe1h/s/A[29:0] is not pipelined. Pipelining DSP48 input will improve performance.
Related violations: <none>

DPIP-2#34 Warning
Input pipelining  
DSP design_1_i/emax6_0/inst/EMAX6_UNIT[4].unit/stage2_inst/exe1h/s input design_1_i/emax6_0/inst/EMAX6_UNIT[4].unit/stage2_inst/exe1h/s/B[17:0] is not pipelined. Pipelining DSP48 input will improve performance.
Related violations: <none>

DPIP-2#35 Warning
Input pipelining  
DSP design_1_i/emax6_0/inst/EMAX6_UNIT[4].unit/stage2_inst/exe1h/s__0 input design_1_i/emax6_0/inst/EMAX6_UNIT[4].unit/stage2_inst/exe1h/s__0/A[29:0] is not pipelined. Pipelining DSP48 input will improve performance.
Related violations: <none>

DPIP-2#36 Warning
Input pipelining  
DSP design_1_i/emax6_0/inst/EMAX6_UNIT[4].unit/stage2_inst/exe1h/s__0 input design_1_i/emax6_0/inst/EMAX6_UNIT[4].unit/stage2_inst/exe1h/s__0/B[17:0] is not pipelined. Pipelining DSP48 input will improve performance.
Related violations: <none>

DPIP-2#37 Warning
Input pipelining  
DSP design_1_i/emax6_0/inst/EMAX6_UNIT[4].unit/stage2_inst/exe1l/s input design_1_i/emax6_0/inst/EMAX6_UNIT[4].unit/stage2_inst/exe1l/s/A[29:0] is not pipelined. Pipelining DSP48 input will improve performance.
Related violations: <none>

DPIP-2#38 Warning
Input pipelining  
DSP design_1_i/emax6_0/inst/EMAX6_UNIT[4].unit/stage2_inst/exe1l/s input design_1_i/emax6_0/inst/EMAX6_UNIT[4].unit/stage2_inst/exe1l/s/B[17:0] is not pipelined. Pipelining DSP48 input will improve performance.
Related violations: <none>

DPIP-2#39 Warning
Input pipelining  
DSP design_1_i/emax6_0/inst/EMAX6_UNIT[4].unit/stage2_inst/exe1l/s__0 input design_1_i/emax6_0/inst/EMAX6_UNIT[4].unit/stage2_inst/exe1l/s__0/A[29:0] is not pipelined. Pipelining DSP48 input will improve performance.
Related violations: <none>

DPIP-2#40 Warning
Input pipelining  
DSP design_1_i/emax6_0/inst/EMAX6_UNIT[4].unit/stage2_inst/exe1l/s__0 input design_1_i/emax6_0/inst/EMAX6_UNIT[4].unit/stage2_inst/exe1l/s__0/B[17:0] is not pipelined. Pipelining DSP48 input will improve performance.
Related violations: <none>

DPIP-2#41 Warning
Input pipelining  
DSP design_1_i/emax6_0/inst/EMAX6_UNIT[5].unit/stage2_inst/exe1h/s input design_1_i/emax6_0/inst/EMAX6_UNIT[5].unit/stage2_inst/exe1h/s/A[29:0] is not pipelined. Pipelining DSP48 input will improve performance.
Related violations: <none>

DPIP-2#42 Warning
Input pipelining  
DSP design_1_i/emax6_0/inst/EMAX6_UNIT[5].unit/stage2_inst/exe1h/s input design_1_i/emax6_0/inst/EMAX6_UNIT[5].unit/stage2_inst/exe1h/s/B[17:0] is not pipelined. Pipelining DSP48 input will improve performance.
Related violations: <none>

DPIP-2#43 Warning
Input pipelining  
DSP design_1_i/emax6_0/inst/EMAX6_UNIT[5].unit/stage2_inst/exe1h/s__0 input design_1_i/emax6_0/inst/EMAX6_UNIT[5].unit/stage2_inst/exe1h/s__0/A[29:0] is not pipelined. Pipelining DSP48 input will improve performance.
Related violations: <none>

DPIP-2#44 Warning
Input pipelining  
DSP design_1_i/emax6_0/inst/EMAX6_UNIT[5].unit/stage2_inst/exe1h/s__0 input design_1_i/emax6_0/inst/EMAX6_UNIT[5].unit/stage2_inst/exe1h/s__0/B[17:0] is not pipelined. Pipelining DSP48 input will improve performance.
Related violations: <none>

DPIP-2#45 Warning
Input pipelining  
DSP design_1_i/emax6_0/inst/EMAX6_UNIT[5].unit/stage2_inst/exe1l/s input design_1_i/emax6_0/inst/EMAX6_UNIT[5].unit/stage2_inst/exe1l/s/A[29:0] is not pipelined. Pipelining DSP48 input will improve performance.
Related violations: <none>

DPIP-2#46 Warning
Input pipelining  
DSP design_1_i/emax6_0/inst/EMAX6_UNIT[5].unit/stage2_inst/exe1l/s input design_1_i/emax6_0/inst/EMAX6_UNIT[5].unit/stage2_inst/exe1l/s/B[17:0] is not pipelined. Pipelining DSP48 input will improve performance.
Related violations: <none>

DPIP-2#47 Warning
Input pipelining  
DSP design_1_i/emax6_0/inst/EMAX6_UNIT[5].unit/stage2_inst/exe1l/s__0 input design_1_i/emax6_0/inst/EMAX6_UNIT[5].unit/stage2_inst/exe1l/s__0/A[29:0] is not pipelined. Pipelining DSP48 input will improve performance.
Related violations: <none>

DPIP-2#48 Warning
Input pipelining  
DSP design_1_i/emax6_0/inst/EMAX6_UNIT[5].unit/stage2_inst/exe1l/s__0 input design_1_i/emax6_0/inst/EMAX6_UNIT[5].unit/stage2_inst/exe1l/s__0/B[17:0] is not pipelined. Pipelining DSP48 input will improve performance.
Related violations: <none>

DPIP-2#49 Warning
Input pipelining  
DSP design_1_i/emax6_0/inst/EMAX6_UNIT[6].unit/stage2_inst/exe1h/s input design_1_i/emax6_0/inst/EMAX6_UNIT[6].unit/stage2_inst/exe1h/s/A[29:0] is not pipelined. Pipelining DSP48 input will improve performance.
Related violations: <none>

DPIP-2#50 Warning
Input pipelining  
DSP design_1_i/emax6_0/inst/EMAX6_UNIT[6].unit/stage2_inst/exe1h/s input design_1_i/emax6_0/inst/EMAX6_UNIT[6].unit/stage2_inst/exe1h/s/B[17:0] is not pipelined. Pipelining DSP48 input will improve performance.
Related violations: <none>

DPIP-2#51 Warning
Input pipelining  
DSP design_1_i/emax6_0/inst/EMAX6_UNIT[6].unit/stage2_inst/exe1h/s__0 input design_1_i/emax6_0/inst/EMAX6_UNIT[6].unit/stage2_inst/exe1h/s__0/A[29:0] is not pipelined. Pipelining DSP48 input will improve performance.
Related violations: <none>

DPIP-2#52 Warning
Input pipelining  
DSP design_1_i/emax6_0/inst/EMAX6_UNIT[6].unit/stage2_inst/exe1h/s__0 input design_1_i/emax6_0/inst/EMAX6_UNIT[6].unit/stage2_inst/exe1h/s__0/B[17:0] is not pipelined. Pipelining DSP48 input will improve performance.
Related violations: <none>

DPIP-2#53 Warning
Input pipelining  
DSP design_1_i/emax6_0/inst/EMAX6_UNIT[6].unit/stage2_inst/exe1l/s input design_1_i/emax6_0/inst/EMAX6_UNIT[6].unit/stage2_inst/exe1l/s/A[29:0] is not pipelined. Pipelining DSP48 input will improve performance.
Related violations: <none>

DPIP-2#54 Warning
Input pipelining  
DSP design_1_i/emax6_0/inst/EMAX6_UNIT[6].unit/stage2_inst/exe1l/s input design_1_i/emax6_0/inst/EMAX6_UNIT[6].unit/stage2_inst/exe1l/s/B[17:0] is not pipelined. Pipelining DSP48 input will improve performance.
Related violations: <none>

DPIP-2#55 Warning
Input pipelining  
DSP design_1_i/emax6_0/inst/EMAX6_UNIT[6].unit/stage2_inst/exe1l/s__0 input design_1_i/emax6_0/inst/EMAX6_UNIT[6].unit/stage2_inst/exe1l/s__0/A[29:0] is not pipelined. Pipelining DSP48 input will improve performance.
Related violations: <none>

DPIP-2#56 Warning
Input pipelining  
DSP design_1_i/emax6_0/inst/EMAX6_UNIT[6].unit/stage2_inst/exe1l/s__0 input design_1_i/emax6_0/inst/EMAX6_UNIT[6].unit/stage2_inst/exe1l/s__0/B[17:0] is not pipelined. Pipelining DSP48 input will improve performance.
Related violations: <none>

DPIP-2#57 Warning
Input pipelining  
DSP design_1_i/emax6_0/inst/EMAX6_UNIT[7].unit/stage2_inst/exe1h/s input design_1_i/emax6_0/inst/EMAX6_UNIT[7].unit/stage2_inst/exe1h/s/A[29:0] is not pipelined. Pipelining DSP48 input will improve performance.
Related violations: <none>

DPIP-2#58 Warning
Input pipelining  
DSP design_1_i/emax6_0/inst/EMAX6_UNIT[7].unit/stage2_inst/exe1h/s input design_1_i/emax6_0/inst/EMAX6_UNIT[7].unit/stage2_inst/exe1h/s/B[17:0] is not pipelined. Pipelining DSP48 input will improve performance.
Related violations: <none>

DPIP-2#59 Warning
Input pipelining  
DSP design_1_i/emax6_0/inst/EMAX6_UNIT[7].unit/stage2_inst/exe1h/s__0 input design_1_i/emax6_0/inst/EMAX6_UNIT[7].unit/stage2_inst/exe1h/s__0/A[29:0] is not pipelined. Pipelining DSP48 input will improve performance.
Related violations: <none>

DPIP-2#60 Warning
Input pipelining  
DSP design_1_i/emax6_0/inst/EMAX6_UNIT[7].unit/stage2_inst/exe1h/s__0 input design_1_i/emax6_0/inst/EMAX6_UNIT[7].unit/stage2_inst/exe1h/s__0/B[17:0] is not pipelined. Pipelining DSP48 input will improve performance.
Related violations: <none>

DPIP-2#61 Warning
Input pipelining  
DSP design_1_i/emax6_0/inst/EMAX6_UNIT[7].unit/stage2_inst/exe1l/s input design_1_i/emax6_0/inst/EMAX6_UNIT[7].unit/stage2_inst/exe1l/s/A[29:0] is not pipelined. Pipelining DSP48 input will improve performance.
Related violations: <none>

DPIP-2#62 Warning
Input pipelining  
DSP design_1_i/emax6_0/inst/EMAX6_UNIT[7].unit/stage2_inst/exe1l/s input design_1_i/emax6_0/inst/EMAX6_UNIT[7].unit/stage2_inst/exe1l/s/B[17:0] is not pipelined. Pipelining DSP48 input will improve performance.
Related violations: <none>

DPIP-2#63 Warning
Input pipelining  
DSP design_1_i/emax6_0/inst/EMAX6_UNIT[7].unit/stage2_inst/exe1l/s__0 input design_1_i/emax6_0/inst/EMAX6_UNIT[7].unit/stage2_inst/exe1l/s__0/A[29:0] is not pipelined. Pipelining DSP48 input will improve performance.
Related violations: <none>

DPIP-2#64 Warning
Input pipelining  
DSP design_1_i/emax6_0/inst/EMAX6_UNIT[7].unit/stage2_inst/exe1l/s__0 input design_1_i/emax6_0/inst/EMAX6_UNIT[7].unit/stage2_inst/exe1l/s__0/B[17:0] is not pipelined. Pipelining DSP48 input will improve performance.
Related violations: <none>

DPOP-3#1 Warning
PREG Output pipelining  
DSP design_1_i/emax6_0/inst/EMAX6_UNIT[0].unit/stage2_inst/exe1h/s output design_1_i/emax6_0/inst/EMAX6_UNIT[0].unit/stage2_inst/exe1h/s/P[47:0] is not pipelined (PREG=0). Pipelining the DSP48 output will improve performance and often saves power so it is suggested whenever possible to fully pipeline this function.  If this DSP48 function was inferred, it is suggested to describe an additional register stage after this function.  If the DSP48 was instantiated in the design, it is suggested to set the PREG attribute to 1.
Related violations: <none>

DPOP-3#2 Warning
PREG Output pipelining  
DSP design_1_i/emax6_0/inst/EMAX6_UNIT[0].unit/stage2_inst/exe1h/s__0 output design_1_i/emax6_0/inst/EMAX6_UNIT[0].unit/stage2_inst/exe1h/s__0/P[47:0] is not pipelined (PREG=0). Pipelining the DSP48 output will improve performance and often saves power so it is suggested whenever possible to fully pipeline this function.  If this DSP48 function was inferred, it is suggested to describe an additional register stage after this function.  If the DSP48 was instantiated in the design, it is suggested to set the PREG attribute to 1.
Related violations: <none>

DPOP-3#3 Warning
PREG Output pipelining  
DSP design_1_i/emax6_0/inst/EMAX6_UNIT[0].unit/stage2_inst/exe1l/s output design_1_i/emax6_0/inst/EMAX6_UNIT[0].unit/stage2_inst/exe1l/s/P[47:0] is not pipelined (PREG=0). Pipelining the DSP48 output will improve performance and often saves power so it is suggested whenever possible to fully pipeline this function.  If this DSP48 function was inferred, it is suggested to describe an additional register stage after this function.  If the DSP48 was instantiated in the design, it is suggested to set the PREG attribute to 1.
Related violations: <none>

DPOP-3#4 Warning
PREG Output pipelining  
DSP design_1_i/emax6_0/inst/EMAX6_UNIT[0].unit/stage2_inst/exe1l/s__0 output design_1_i/emax6_0/inst/EMAX6_UNIT[0].unit/stage2_inst/exe1l/s__0/P[47:0] is not pipelined (PREG=0). Pipelining the DSP48 output will improve performance and often saves power so it is suggested whenever possible to fully pipeline this function.  If this DSP48 function was inferred, it is suggested to describe an additional register stage after this function.  If the DSP48 was instantiated in the design, it is suggested to set the PREG attribute to 1.
Related violations: <none>

DPOP-3#5 Warning
PREG Output pipelining  
DSP design_1_i/emax6_0/inst/EMAX6_UNIT[1].unit/stage2_inst/exe1h/s output design_1_i/emax6_0/inst/EMAX6_UNIT[1].unit/stage2_inst/exe1h/s/P[47:0] is not pipelined (PREG=0). Pipelining the DSP48 output will improve performance and often saves power so it is suggested whenever possible to fully pipeline this function.  If this DSP48 function was inferred, it is suggested to describe an additional register stage after this function.  If the DSP48 was instantiated in the design, it is suggested to set the PREG attribute to 1.
Related violations: <none>

DPOP-3#6 Warning
PREG Output pipelining  
DSP design_1_i/emax6_0/inst/EMAX6_UNIT[1].unit/stage2_inst/exe1h/s__0 output design_1_i/emax6_0/inst/EMAX6_UNIT[1].unit/stage2_inst/exe1h/s__0/P[47:0] is not pipelined (PREG=0). Pipelining the DSP48 output will improve performance and often saves power so it is suggested whenever possible to fully pipeline this function.  If this DSP48 function was inferred, it is suggested to describe an additional register stage after this function.  If the DSP48 was instantiated in the design, it is suggested to set the PREG attribute to 1.
Related violations: <none>

DPOP-3#7 Warning
PREG Output pipelining  
DSP design_1_i/emax6_0/inst/EMAX6_UNIT[1].unit/stage2_inst/exe1l/s output design_1_i/emax6_0/inst/EMAX6_UNIT[1].unit/stage2_inst/exe1l/s/P[47:0] is not pipelined (PREG=0). Pipelining the DSP48 output will improve performance and often saves power so it is suggested whenever possible to fully pipeline this function.  If this DSP48 function was inferred, it is suggested to describe an additional register stage after this function.  If the DSP48 was instantiated in the design, it is suggested to set the PREG attribute to 1.
Related violations: <none>

DPOP-3#8 Warning
PREG Output pipelining  
DSP design_1_i/emax6_0/inst/EMAX6_UNIT[1].unit/stage2_inst/exe1l/s__0 output design_1_i/emax6_0/inst/EMAX6_UNIT[1].unit/stage2_inst/exe1l/s__0/P[47:0] is not pipelined (PREG=0). Pipelining the DSP48 output will improve performance and often saves power so it is suggested whenever possible to fully pipeline this function.  If this DSP48 function was inferred, it is suggested to describe an additional register stage after this function.  If the DSP48 was instantiated in the design, it is suggested to set the PREG attribute to 1.
Related violations: <none>

DPOP-3#9 Warning
PREG Output pipelining  
DSP design_1_i/emax6_0/inst/EMAX6_UNIT[2].unit/stage2_inst/exe1h/s output design_1_i/emax6_0/inst/EMAX6_UNIT[2].unit/stage2_inst/exe1h/s/P[47:0] is not pipelined (PREG=0). Pipelining the DSP48 output will improve performance and often saves power so it is suggested whenever possible to fully pipeline this function.  If this DSP48 function was inferred, it is suggested to describe an additional register stage after this function.  If the DSP48 was instantiated in the design, it is suggested to set the PREG attribute to 1.
Related violations: <none>

DPOP-3#10 Warning
PREG Output pipelining  
DSP design_1_i/emax6_0/inst/EMAX6_UNIT[2].unit/stage2_inst/exe1h/s__0 output design_1_i/emax6_0/inst/EMAX6_UNIT[2].unit/stage2_inst/exe1h/s__0/P[47:0] is not pipelined (PREG=0). Pipelining the DSP48 output will improve performance and often saves power so it is suggested whenever possible to fully pipeline this function.  If this DSP48 function was inferred, it is suggested to describe an additional register stage after this function.  If the DSP48 was instantiated in the design, it is suggested to set the PREG attribute to 1.
Related violations: <none>

DPOP-3#11 Warning
PREG Output pipelining  
DSP design_1_i/emax6_0/inst/EMAX6_UNIT[2].unit/stage2_inst/exe1l/s output design_1_i/emax6_0/inst/EMAX6_UNIT[2].unit/stage2_inst/exe1l/s/P[47:0] is not pipelined (PREG=0). Pipelining the DSP48 output will improve performance and often saves power so it is suggested whenever possible to fully pipeline this function.  If this DSP48 function was inferred, it is suggested to describe an additional register stage after this function.  If the DSP48 was instantiated in the design, it is suggested to set the PREG attribute to 1.
Related violations: <none>

DPOP-3#12 Warning
PREG Output pipelining  
DSP design_1_i/emax6_0/inst/EMAX6_UNIT[2].unit/stage2_inst/exe1l/s__0 output design_1_i/emax6_0/inst/EMAX6_UNIT[2].unit/stage2_inst/exe1l/s__0/P[47:0] is not pipelined (PREG=0). Pipelining the DSP48 output will improve performance and often saves power so it is suggested whenever possible to fully pipeline this function.  If this DSP48 function was inferred, it is suggested to describe an additional register stage after this function.  If the DSP48 was instantiated in the design, it is suggested to set the PREG attribute to 1.
Related violations: <none>

DPOP-3#13 Warning
PREG Output pipelining  
DSP design_1_i/emax6_0/inst/EMAX6_UNIT[3].unit/stage2_inst/exe1h/s output design_1_i/emax6_0/inst/EMAX6_UNIT[3].unit/stage2_inst/exe1h/s/P[47:0] is not pipelined (PREG=0). Pipelining the DSP48 output will improve performance and often saves power so it is suggested whenever possible to fully pipeline this function.  If this DSP48 function was inferred, it is suggested to describe an additional register stage after this function.  If the DSP48 was instantiated in the design, it is suggested to set the PREG attribute to 1.
Related violations: <none>

DPOP-3#14 Warning
PREG Output pipelining  
DSP design_1_i/emax6_0/inst/EMAX6_UNIT[3].unit/stage2_inst/exe1h/s__0 output design_1_i/emax6_0/inst/EMAX6_UNIT[3].unit/stage2_inst/exe1h/s__0/P[47:0] is not pipelined (PREG=0). Pipelining the DSP48 output will improve performance and often saves power so it is suggested whenever possible to fully pipeline this function.  If this DSP48 function was inferred, it is suggested to describe an additional register stage after this function.  If the DSP48 was instantiated in the design, it is suggested to set the PREG attribute to 1.
Related violations: <none>

DPOP-3#15 Warning
PREG Output pipelining  
DSP design_1_i/emax6_0/inst/EMAX6_UNIT[3].unit/stage2_inst/exe1l/s output design_1_i/emax6_0/inst/EMAX6_UNIT[3].unit/stage2_inst/exe1l/s/P[47:0] is not pipelined (PREG=0). Pipelining the DSP48 output will improve performance and often saves power so it is suggested whenever possible to fully pipeline this function.  If this DSP48 function was inferred, it is suggested to describe an additional register stage after this function.  If the DSP48 was instantiated in the design, it is suggested to set the PREG attribute to 1.
Related violations: <none>

DPOP-3#16 Warning
PREG Output pipelining  
DSP design_1_i/emax6_0/inst/EMAX6_UNIT[3].unit/stage2_inst/exe1l/s__0 output design_1_i/emax6_0/inst/EMAX6_UNIT[3].unit/stage2_inst/exe1l/s__0/P[47:0] is not pipelined (PREG=0). Pipelining the DSP48 output will improve performance and often saves power so it is suggested whenever possible to fully pipeline this function.  If this DSP48 function was inferred, it is suggested to describe an additional register stage after this function.  If the DSP48 was instantiated in the design, it is suggested to set the PREG attribute to 1.
Related violations: <none>

DPOP-3#17 Warning
PREG Output pipelining  
DSP design_1_i/emax6_0/inst/EMAX6_UNIT[4].unit/stage2_inst/exe1h/s output design_1_i/emax6_0/inst/EMAX6_UNIT[4].unit/stage2_inst/exe1h/s/P[47:0] is not pipelined (PREG=0). Pipelining the DSP48 output will improve performance and often saves power so it is suggested whenever possible to fully pipeline this function.  If this DSP48 function was inferred, it is suggested to describe an additional register stage after this function.  If the DSP48 was instantiated in the design, it is suggested to set the PREG attribute to 1.
Related violations: <none>

DPOP-3#18 Warning
PREG Output pipelining  
DSP design_1_i/emax6_0/inst/EMAX6_UNIT[4].unit/stage2_inst/exe1h/s__0 output design_1_i/emax6_0/inst/EMAX6_UNIT[4].unit/stage2_inst/exe1h/s__0/P[47:0] is not pipelined (PREG=0). Pipelining the DSP48 output will improve performance and often saves power so it is suggested whenever possible to fully pipeline this function.  If this DSP48 function was inferred, it is suggested to describe an additional register stage after this function.  If the DSP48 was instantiated in the design, it is suggested to set the PREG attribute to 1.
Related violations: <none>

DPOP-3#19 Warning
PREG Output pipelining  
DSP design_1_i/emax6_0/inst/EMAX6_UNIT[4].unit/stage2_inst/exe1l/s output design_1_i/emax6_0/inst/EMAX6_UNIT[4].unit/stage2_inst/exe1l/s/P[47:0] is not pipelined (PREG=0). Pipelining the DSP48 output will improve performance and often saves power so it is suggested whenever possible to fully pipeline this function.  If this DSP48 function was inferred, it is suggested to describe an additional register stage after this function.  If the DSP48 was instantiated in the design, it is suggested to set the PREG attribute to 1.
Related violations: <none>

DPOP-3#20 Warning
PREG Output pipelining  
DSP design_1_i/emax6_0/inst/EMAX6_UNIT[4].unit/stage2_inst/exe1l/s__0 output design_1_i/emax6_0/inst/EMAX6_UNIT[4].unit/stage2_inst/exe1l/s__0/P[47:0] is not pipelined (PREG=0). Pipelining the DSP48 output will improve performance and often saves power so it is suggested whenever possible to fully pipeline this function.  If this DSP48 function was inferred, it is suggested to describe an additional register stage after this function.  If the DSP48 was instantiated in the design, it is suggested to set the PREG attribute to 1.
Related violations: <none>

DPOP-3#21 Warning
PREG Output pipelining  
DSP design_1_i/emax6_0/inst/EMAX6_UNIT[5].unit/stage2_inst/exe1h/s output design_1_i/emax6_0/inst/EMAX6_UNIT[5].unit/stage2_inst/exe1h/s/P[47:0] is not pipelined (PREG=0). Pipelining the DSP48 output will improve performance and often saves power so it is suggested whenever possible to fully pipeline this function.  If this DSP48 function was inferred, it is suggested to describe an additional register stage after this function.  If the DSP48 was instantiated in the design, it is suggested to set the PREG attribute to 1.
Related violations: <none>

DPOP-3#22 Warning
PREG Output pipelining  
DSP design_1_i/emax6_0/inst/EMAX6_UNIT[5].unit/stage2_inst/exe1h/s__0 output design_1_i/emax6_0/inst/EMAX6_UNIT[5].unit/stage2_inst/exe1h/s__0/P[47:0] is not pipelined (PREG=0). Pipelining the DSP48 output will improve performance and often saves power so it is suggested whenever possible to fully pipeline this function.  If this DSP48 function was inferred, it is suggested to describe an additional register stage after this function.  If the DSP48 was instantiated in the design, it is suggested to set the PREG attribute to 1.
Related violations: <none>

DPOP-3#23 Warning
PREG Output pipelining  
DSP design_1_i/emax6_0/inst/EMAX6_UNIT[5].unit/stage2_inst/exe1l/s output design_1_i/emax6_0/inst/EMAX6_UNIT[5].unit/stage2_inst/exe1l/s/P[47:0] is not pipelined (PREG=0). Pipelining the DSP48 output will improve performance and often saves power so it is suggested whenever possible to fully pipeline this function.  If this DSP48 function was inferred, it is suggested to describe an additional register stage after this function.  If the DSP48 was instantiated in the design, it is suggested to set the PREG attribute to 1.
Related violations: <none>

DPOP-3#24 Warning
PREG Output pipelining  
DSP design_1_i/emax6_0/inst/EMAX6_UNIT[5].unit/stage2_inst/exe1l/s__0 output design_1_i/emax6_0/inst/EMAX6_UNIT[5].unit/stage2_inst/exe1l/s__0/P[47:0] is not pipelined (PREG=0). Pipelining the DSP48 output will improve performance and often saves power so it is suggested whenever possible to fully pipeline this function.  If this DSP48 function was inferred, it is suggested to describe an additional register stage after this function.  If the DSP48 was instantiated in the design, it is suggested to set the PREG attribute to 1.
Related violations: <none>

DPOP-3#25 Warning
PREG Output pipelining  
DSP design_1_i/emax6_0/inst/EMAX6_UNIT[6].unit/stage2_inst/exe1h/s output design_1_i/emax6_0/inst/EMAX6_UNIT[6].unit/stage2_inst/exe1h/s/P[47:0] is not pipelined (PREG=0). Pipelining the DSP48 output will improve performance and often saves power so it is suggested whenever possible to fully pipeline this function.  If this DSP48 function was inferred, it is suggested to describe an additional register stage after this function.  If the DSP48 was instantiated in the design, it is suggested to set the PREG attribute to 1.
Related violations: <none>

DPOP-3#26 Warning
PREG Output pipelining  
DSP design_1_i/emax6_0/inst/EMAX6_UNIT[6].unit/stage2_inst/exe1h/s__0 output design_1_i/emax6_0/inst/EMAX6_UNIT[6].unit/stage2_inst/exe1h/s__0/P[47:0] is not pipelined (PREG=0). Pipelining the DSP48 output will improve performance and often saves power so it is suggested whenever possible to fully pipeline this function.  If this DSP48 function was inferred, it is suggested to describe an additional register stage after this function.  If the DSP48 was instantiated in the design, it is suggested to set the PREG attribute to 1.
Related violations: <none>

DPOP-3#27 Warning
PREG Output pipelining  
DSP design_1_i/emax6_0/inst/EMAX6_UNIT[6].unit/stage2_inst/exe1l/s output design_1_i/emax6_0/inst/EMAX6_UNIT[6].unit/stage2_inst/exe1l/s/P[47:0] is not pipelined (PREG=0). Pipelining the DSP48 output will improve performance and often saves power so it is suggested whenever possible to fully pipeline this function.  If this DSP48 function was inferred, it is suggested to describe an additional register stage after this function.  If the DSP48 was instantiated in the design, it is suggested to set the PREG attribute to 1.
Related violations: <none>

DPOP-3#28 Warning
PREG Output pipelining  
DSP design_1_i/emax6_0/inst/EMAX6_UNIT[6].unit/stage2_inst/exe1l/s__0 output design_1_i/emax6_0/inst/EMAX6_UNIT[6].unit/stage2_inst/exe1l/s__0/P[47:0] is not pipelined (PREG=0). Pipelining the DSP48 output will improve performance and often saves power so it is suggested whenever possible to fully pipeline this function.  If this DSP48 function was inferred, it is suggested to describe an additional register stage after this function.  If the DSP48 was instantiated in the design, it is suggested to set the PREG attribute to 1.
Related violations: <none>

DPOP-3#29 Warning
PREG Output pipelining  
DSP design_1_i/emax6_0/inst/EMAX6_UNIT[7].unit/stage2_inst/exe1h/s output design_1_i/emax6_0/inst/EMAX6_UNIT[7].unit/stage2_inst/exe1h/s/P[47:0] is not pipelined (PREG=0). Pipelining the DSP48 output will improve performance and often saves power so it is suggested whenever possible to fully pipeline this function.  If this DSP48 function was inferred, it is suggested to describe an additional register stage after this function.  If the DSP48 was instantiated in the design, it is suggested to set the PREG attribute to 1.
Related violations: <none>

DPOP-3#30 Warning
PREG Output pipelining  
DSP design_1_i/emax6_0/inst/EMAX6_UNIT[7].unit/stage2_inst/exe1h/s__0 output design_1_i/emax6_0/inst/EMAX6_UNIT[7].unit/stage2_inst/exe1h/s__0/P[47:0] is not pipelined (PREG=0). Pipelining the DSP48 output will improve performance and often saves power so it is suggested whenever possible to fully pipeline this function.  If this DSP48 function was inferred, it is suggested to describe an additional register stage after this function.  If the DSP48 was instantiated in the design, it is suggested to set the PREG attribute to 1.
Related violations: <none>

DPOP-3#31 Warning
PREG Output pipelining  
DSP design_1_i/emax6_0/inst/EMAX6_UNIT[7].unit/stage2_inst/exe1l/s output design_1_i/emax6_0/inst/EMAX6_UNIT[7].unit/stage2_inst/exe1l/s/P[47:0] is not pipelined (PREG=0). Pipelining the DSP48 output will improve performance and often saves power so it is suggested whenever possible to fully pipeline this function.  If this DSP48 function was inferred, it is suggested to describe an additional register stage after this function.  If the DSP48 was instantiated in the design, it is suggested to set the PREG attribute to 1.
Related violations: <none>

DPOP-3#32 Warning
PREG Output pipelining  
DSP design_1_i/emax6_0/inst/EMAX6_UNIT[7].unit/stage2_inst/exe1l/s__0 output design_1_i/emax6_0/inst/EMAX6_UNIT[7].unit/stage2_inst/exe1l/s__0/P[47:0] is not pipelined (PREG=0). Pipelining the DSP48 output will improve performance and often saves power so it is suggested whenever possible to fully pipeline this function.  If this DSP48 function was inferred, it is suggested to describe an additional register stage after this function.  If the DSP48 was instantiated in the design, it is suggested to set the PREG attribute to 1.
Related violations: <none>

DPOP-4#1 Warning
MREG Output pipelining  
DSP design_1_i/emax6_0/inst/EMAX6_UNIT[0].unit/stage2_inst/exe1h/s multiplier stage design_1_i/emax6_0/inst/EMAX6_UNIT[0].unit/stage2_inst/exe1h/s/P[47:0] is not pipelined (MREG=0). Pipelining the multiplier function will improve performance and will save significant power so it is suggested whenever possible to fully pipeline this function.  If this multiplier was inferred, it is suggested to describe an additional register stage after this function.  If there is no registered adder/accumulator following the multiply function, two pipeline stages are suggested to allow both the MREG and PREG registers to be used.  If the DSP48 was instantiated in the design, it is suggested to set both the MREG and PREG attributes to 1 when performing multiply functions.
Related violations: <none>

DPOP-4#2 Warning
MREG Output pipelining  
DSP design_1_i/emax6_0/inst/EMAX6_UNIT[0].unit/stage2_inst/exe1h/s__0 multiplier stage design_1_i/emax6_0/inst/EMAX6_UNIT[0].unit/stage2_inst/exe1h/s__0/P[47:0] is not pipelined (MREG=0). Pipelining the multiplier function will improve performance and will save significant power so it is suggested whenever possible to fully pipeline this function.  If this multiplier was inferred, it is suggested to describe an additional register stage after this function.  If there is no registered adder/accumulator following the multiply function, two pipeline stages are suggested to allow both the MREG and PREG registers to be used.  If the DSP48 was instantiated in the design, it is suggested to set both the MREG and PREG attributes to 1 when performing multiply functions.
Related violations: <none>

DPOP-4#3 Warning
MREG Output pipelining  
DSP design_1_i/emax6_0/inst/EMAX6_UNIT[0].unit/stage2_inst/exe1l/s multiplier stage design_1_i/emax6_0/inst/EMAX6_UNIT[0].unit/stage2_inst/exe1l/s/P[47:0] is not pipelined (MREG=0). Pipelining the multiplier function will improve performance and will save significant power so it is suggested whenever possible to fully pipeline this function.  If this multiplier was inferred, it is suggested to describe an additional register stage after this function.  If there is no registered adder/accumulator following the multiply function, two pipeline stages are suggested to allow both the MREG and PREG registers to be used.  If the DSP48 was instantiated in the design, it is suggested to set both the MREG and PREG attributes to 1 when performing multiply functions.
Related violations: <none>

DPOP-4#4 Warning
MREG Output pipelining  
DSP design_1_i/emax6_0/inst/EMAX6_UNIT[0].unit/stage2_inst/exe1l/s__0 multiplier stage design_1_i/emax6_0/inst/EMAX6_UNIT[0].unit/stage2_inst/exe1l/s__0/P[47:0] is not pipelined (MREG=0). Pipelining the multiplier function will improve performance and will save significant power so it is suggested whenever possible to fully pipeline this function.  If this multiplier was inferred, it is suggested to describe an additional register stage after this function.  If there is no registered adder/accumulator following the multiply function, two pipeline stages are suggested to allow both the MREG and PREG registers to be used.  If the DSP48 was instantiated in the design, it is suggested to set both the MREG and PREG attributes to 1 when performing multiply functions.
Related violations: <none>

DPOP-4#5 Warning
MREG Output pipelining  
DSP design_1_i/emax6_0/inst/EMAX6_UNIT[1].unit/stage2_inst/exe1h/s multiplier stage design_1_i/emax6_0/inst/EMAX6_UNIT[1].unit/stage2_inst/exe1h/s/P[47:0] is not pipelined (MREG=0). Pipelining the multiplier function will improve performance and will save significant power so it is suggested whenever possible to fully pipeline this function.  If this multiplier was inferred, it is suggested to describe an additional register stage after this function.  If there is no registered adder/accumulator following the multiply function, two pipeline stages are suggested to allow both the MREG and PREG registers to be used.  If the DSP48 was instantiated in the design, it is suggested to set both the MREG and PREG attributes to 1 when performing multiply functions.
Related violations: <none>

DPOP-4#6 Warning
MREG Output pipelining  
DSP design_1_i/emax6_0/inst/EMAX6_UNIT[1].unit/stage2_inst/exe1h/s__0 multiplier stage design_1_i/emax6_0/inst/EMAX6_UNIT[1].unit/stage2_inst/exe1h/s__0/P[47:0] is not pipelined (MREG=0). Pipelining the multiplier function will improve performance and will save significant power so it is suggested whenever possible to fully pipeline this function.  If this multiplier was inferred, it is suggested to describe an additional register stage after this function.  If there is no registered adder/accumulator following the multiply function, two pipeline stages are suggested to allow both the MREG and PREG registers to be used.  If the DSP48 was instantiated in the design, it is suggested to set both the MREG and PREG attributes to 1 when performing multiply functions.
Related violations: <none>

DPOP-4#7 Warning
MREG Output pipelining  
DSP design_1_i/emax6_0/inst/EMAX6_UNIT[1].unit/stage2_inst/exe1l/s multiplier stage design_1_i/emax6_0/inst/EMAX6_UNIT[1].unit/stage2_inst/exe1l/s/P[47:0] is not pipelined (MREG=0). Pipelining the multiplier function will improve performance and will save significant power so it is suggested whenever possible to fully pipeline this function.  If this multiplier was inferred, it is suggested to describe an additional register stage after this function.  If there is no registered adder/accumulator following the multiply function, two pipeline stages are suggested to allow both the MREG and PREG registers to be used.  If the DSP48 was instantiated in the design, it is suggested to set both the MREG and PREG attributes to 1 when performing multiply functions.
Related violations: <none>

DPOP-4#8 Warning
MREG Output pipelining  
DSP design_1_i/emax6_0/inst/EMAX6_UNIT[1].unit/stage2_inst/exe1l/s__0 multiplier stage design_1_i/emax6_0/inst/EMAX6_UNIT[1].unit/stage2_inst/exe1l/s__0/P[47:0] is not pipelined (MREG=0). Pipelining the multiplier function will improve performance and will save significant power so it is suggested whenever possible to fully pipeline this function.  If this multiplier was inferred, it is suggested to describe an additional register stage after this function.  If there is no registered adder/accumulator following the multiply function, two pipeline stages are suggested to allow both the MREG and PREG registers to be used.  If the DSP48 was instantiated in the design, it is suggested to set both the MREG and PREG attributes to 1 when performing multiply functions.
Related violations: <none>

DPOP-4#9 Warning
MREG Output pipelining  
DSP design_1_i/emax6_0/inst/EMAX6_UNIT[2].unit/stage2_inst/exe1h/s multiplier stage design_1_i/emax6_0/inst/EMAX6_UNIT[2].unit/stage2_inst/exe1h/s/P[47:0] is not pipelined (MREG=0). Pipelining the multiplier function will improve performance and will save significant power so it is suggested whenever possible to fully pipeline this function.  If this multiplier was inferred, it is suggested to describe an additional register stage after this function.  If there is no registered adder/accumulator following the multiply function, two pipeline stages are suggested to allow both the MREG and PREG registers to be used.  If the DSP48 was instantiated in the design, it is suggested to set both the MREG and PREG attributes to 1 when performing multiply functions.
Related violations: <none>

DPOP-4#10 Warning
MREG Output pipelining  
DSP design_1_i/emax6_0/inst/EMAX6_UNIT[2].unit/stage2_inst/exe1h/s__0 multiplier stage design_1_i/emax6_0/inst/EMAX6_UNIT[2].unit/stage2_inst/exe1h/s__0/P[47:0] is not pipelined (MREG=0). Pipelining the multiplier function will improve performance and will save significant power so it is suggested whenever possible to fully pipeline this function.  If this multiplier was inferred, it is suggested to describe an additional register stage after this function.  If there is no registered adder/accumulator following the multiply function, two pipeline stages are suggested to allow both the MREG and PREG registers to be used.  If the DSP48 was instantiated in the design, it is suggested to set both the MREG and PREG attributes to 1 when performing multiply functions.
Related violations: <none>

DPOP-4#11 Warning
MREG Output pipelining  
DSP design_1_i/emax6_0/inst/EMAX6_UNIT[2].unit/stage2_inst/exe1l/s multiplier stage design_1_i/emax6_0/inst/EMAX6_UNIT[2].unit/stage2_inst/exe1l/s/P[47:0] is not pipelined (MREG=0). Pipelining the multiplier function will improve performance and will save significant power so it is suggested whenever possible to fully pipeline this function.  If this multiplier was inferred, it is suggested to describe an additional register stage after this function.  If there is no registered adder/accumulator following the multiply function, two pipeline stages are suggested to allow both the MREG and PREG registers to be used.  If the DSP48 was instantiated in the design, it is suggested to set both the MREG and PREG attributes to 1 when performing multiply functions.
Related violations: <none>

DPOP-4#12 Warning
MREG Output pipelining  
DSP design_1_i/emax6_0/inst/EMAX6_UNIT[2].unit/stage2_inst/exe1l/s__0 multiplier stage design_1_i/emax6_0/inst/EMAX6_UNIT[2].unit/stage2_inst/exe1l/s__0/P[47:0] is not pipelined (MREG=0). Pipelining the multiplier function will improve performance and will save significant power so it is suggested whenever possible to fully pipeline this function.  If this multiplier was inferred, it is suggested to describe an additional register stage after this function.  If there is no registered adder/accumulator following the multiply function, two pipeline stages are suggested to allow both the MREG and PREG registers to be used.  If the DSP48 was instantiated in the design, it is suggested to set both the MREG and PREG attributes to 1 when performing multiply functions.
Related violations: <none>

DPOP-4#13 Warning
MREG Output pipelining  
DSP design_1_i/emax6_0/inst/EMAX6_UNIT[3].unit/stage2_inst/exe1h/s multiplier stage design_1_i/emax6_0/inst/EMAX6_UNIT[3].unit/stage2_inst/exe1h/s/P[47:0] is not pipelined (MREG=0). Pipelining the multiplier function will improve performance and will save significant power so it is suggested whenever possible to fully pipeline this function.  If this multiplier was inferred, it is suggested to describe an additional register stage after this function.  If there is no registered adder/accumulator following the multiply function, two pipeline stages are suggested to allow both the MREG and PREG registers to be used.  If the DSP48 was instantiated in the design, it is suggested to set both the MREG and PREG attributes to 1 when performing multiply functions.
Related violations: <none>

DPOP-4#14 Warning
MREG Output pipelining  
DSP design_1_i/emax6_0/inst/EMAX6_UNIT[3].unit/stage2_inst/exe1h/s__0 multiplier stage design_1_i/emax6_0/inst/EMAX6_UNIT[3].unit/stage2_inst/exe1h/s__0/P[47:0] is not pipelined (MREG=0). Pipelining the multiplier function will improve performance and will save significant power so it is suggested whenever possible to fully pipeline this function.  If this multiplier was inferred, it is suggested to describe an additional register stage after this function.  If there is no registered adder/accumulator following the multiply function, two pipeline stages are suggested to allow both the MREG and PREG registers to be used.  If the DSP48 was instantiated in the design, it is suggested to set both the MREG and PREG attributes to 1 when performing multiply functions.
Related violations: <none>

DPOP-4#15 Warning
MREG Output pipelining  
DSP design_1_i/emax6_0/inst/EMAX6_UNIT[3].unit/stage2_inst/exe1l/s multiplier stage design_1_i/emax6_0/inst/EMAX6_UNIT[3].unit/stage2_inst/exe1l/s/P[47:0] is not pipelined (MREG=0). Pipelining the multiplier function will improve performance and will save significant power so it is suggested whenever possible to fully pipeline this function.  If this multiplier was inferred, it is suggested to describe an additional register stage after this function.  If there is no registered adder/accumulator following the multiply function, two pipeline stages are suggested to allow both the MREG and PREG registers to be used.  If the DSP48 was instantiated in the design, it is suggested to set both the MREG and PREG attributes to 1 when performing multiply functions.
Related violations: <none>

DPOP-4#16 Warning
MREG Output pipelining  
DSP design_1_i/emax6_0/inst/EMAX6_UNIT[3].unit/stage2_inst/exe1l/s__0 multiplier stage design_1_i/emax6_0/inst/EMAX6_UNIT[3].unit/stage2_inst/exe1l/s__0/P[47:0] is not pipelined (MREG=0). Pipelining the multiplier function will improve performance and will save significant power so it is suggested whenever possible to fully pipeline this function.  If this multiplier was inferred, it is suggested to describe an additional register stage after this function.  If there is no registered adder/accumulator following the multiply function, two pipeline stages are suggested to allow both the MREG and PREG registers to be used.  If the DSP48 was instantiated in the design, it is suggested to set both the MREG and PREG attributes to 1 when performing multiply functions.
Related violations: <none>

DPOP-4#17 Warning
MREG Output pipelining  
DSP design_1_i/emax6_0/inst/EMAX6_UNIT[4].unit/stage2_inst/exe1h/s multiplier stage design_1_i/emax6_0/inst/EMAX6_UNIT[4].unit/stage2_inst/exe1h/s/P[47:0] is not pipelined (MREG=0). Pipelining the multiplier function will improve performance and will save significant power so it is suggested whenever possible to fully pipeline this function.  If this multiplier was inferred, it is suggested to describe an additional register stage after this function.  If there is no registered adder/accumulator following the multiply function, two pipeline stages are suggested to allow both the MREG and PREG registers to be used.  If the DSP48 was instantiated in the design, it is suggested to set both the MREG and PREG attributes to 1 when performing multiply functions.
Related violations: <none>

DPOP-4#18 Warning
MREG Output pipelining  
DSP design_1_i/emax6_0/inst/EMAX6_UNIT[4].unit/stage2_inst/exe1h/s__0 multiplier stage design_1_i/emax6_0/inst/EMAX6_UNIT[4].unit/stage2_inst/exe1h/s__0/P[47:0] is not pipelined (MREG=0). Pipelining the multiplier function will improve performance and will save significant power so it is suggested whenever possible to fully pipeline this function.  If this multiplier was inferred, it is suggested to describe an additional register stage after this function.  If there is no registered adder/accumulator following the multiply function, two pipeline stages are suggested to allow both the MREG and PREG registers to be used.  If the DSP48 was instantiated in the design, it is suggested to set both the MREG and PREG attributes to 1 when performing multiply functions.
Related violations: <none>

DPOP-4#19 Warning
MREG Output pipelining  
DSP design_1_i/emax6_0/inst/EMAX6_UNIT[4].unit/stage2_inst/exe1l/s multiplier stage design_1_i/emax6_0/inst/EMAX6_UNIT[4].unit/stage2_inst/exe1l/s/P[47:0] is not pipelined (MREG=0). Pipelining the multiplier function will improve performance and will save significant power so it is suggested whenever possible to fully pipeline this function.  If this multiplier was inferred, it is suggested to describe an additional register stage after this function.  If there is no registered adder/accumulator following the multiply function, two pipeline stages are suggested to allow both the MREG and PREG registers to be used.  If the DSP48 was instantiated in the design, it is suggested to set both the MREG and PREG attributes to 1 when performing multiply functions.
Related violations: <none>

DPOP-4#20 Warning
MREG Output pipelining  
DSP design_1_i/emax6_0/inst/EMAX6_UNIT[4].unit/stage2_inst/exe1l/s__0 multiplier stage design_1_i/emax6_0/inst/EMAX6_UNIT[4].unit/stage2_inst/exe1l/s__0/P[47:0] is not pipelined (MREG=0). Pipelining the multiplier function will improve performance and will save significant power so it is suggested whenever possible to fully pipeline this function.  If this multiplier was inferred, it is suggested to describe an additional register stage after this function.  If there is no registered adder/accumulator following the multiply function, two pipeline stages are suggested to allow both the MREG and PREG registers to be used.  If the DSP48 was instantiated in the design, it is suggested to set both the MREG and PREG attributes to 1 when performing multiply functions.
Related violations: <none>

DPOP-4#21 Warning
MREG Output pipelining  
DSP design_1_i/emax6_0/inst/EMAX6_UNIT[5].unit/stage2_inst/exe1h/s multiplier stage design_1_i/emax6_0/inst/EMAX6_UNIT[5].unit/stage2_inst/exe1h/s/P[47:0] is not pipelined (MREG=0). Pipelining the multiplier function will improve performance and will save significant power so it is suggested whenever possible to fully pipeline this function.  If this multiplier was inferred, it is suggested to describe an additional register stage after this function.  If there is no registered adder/accumulator following the multiply function, two pipeline stages are suggested to allow both the MREG and PREG registers to be used.  If the DSP48 was instantiated in the design, it is suggested to set both the MREG and PREG attributes to 1 when performing multiply functions.
Related violations: <none>

DPOP-4#22 Warning
MREG Output pipelining  
DSP design_1_i/emax6_0/inst/EMAX6_UNIT[5].unit/stage2_inst/exe1h/s__0 multiplier stage design_1_i/emax6_0/inst/EMAX6_UNIT[5].unit/stage2_inst/exe1h/s__0/P[47:0] is not pipelined (MREG=0). Pipelining the multiplier function will improve performance and will save significant power so it is suggested whenever possible to fully pipeline this function.  If this multiplier was inferred, it is suggested to describe an additional register stage after this function.  If there is no registered adder/accumulator following the multiply function, two pipeline stages are suggested to allow both the MREG and PREG registers to be used.  If the DSP48 was instantiated in the design, it is suggested to set both the MREG and PREG attributes to 1 when performing multiply functions.
Related violations: <none>

DPOP-4#23 Warning
MREG Output pipelining  
DSP design_1_i/emax6_0/inst/EMAX6_UNIT[5].unit/stage2_inst/exe1l/s multiplier stage design_1_i/emax6_0/inst/EMAX6_UNIT[5].unit/stage2_inst/exe1l/s/P[47:0] is not pipelined (MREG=0). Pipelining the multiplier function will improve performance and will save significant power so it is suggested whenever possible to fully pipeline this function.  If this multiplier was inferred, it is suggested to describe an additional register stage after this function.  If there is no registered adder/accumulator following the multiply function, two pipeline stages are suggested to allow both the MREG and PREG registers to be used.  If the DSP48 was instantiated in the design, it is suggested to set both the MREG and PREG attributes to 1 when performing multiply functions.
Related violations: <none>

DPOP-4#24 Warning
MREG Output pipelining  
DSP design_1_i/emax6_0/inst/EMAX6_UNIT[5].unit/stage2_inst/exe1l/s__0 multiplier stage design_1_i/emax6_0/inst/EMAX6_UNIT[5].unit/stage2_inst/exe1l/s__0/P[47:0] is not pipelined (MREG=0). Pipelining the multiplier function will improve performance and will save significant power so it is suggested whenever possible to fully pipeline this function.  If this multiplier was inferred, it is suggested to describe an additional register stage after this function.  If there is no registered adder/accumulator following the multiply function, two pipeline stages are suggested to allow both the MREG and PREG registers to be used.  If the DSP48 was instantiated in the design, it is suggested to set both the MREG and PREG attributes to 1 when performing multiply functions.
Related violations: <none>

DPOP-4#25 Warning
MREG Output pipelining  
DSP design_1_i/emax6_0/inst/EMAX6_UNIT[6].unit/stage2_inst/exe1h/s multiplier stage design_1_i/emax6_0/inst/EMAX6_UNIT[6].unit/stage2_inst/exe1h/s/P[47:0] is not pipelined (MREG=0). Pipelining the multiplier function will improve performance and will save significant power so it is suggested whenever possible to fully pipeline this function.  If this multiplier was inferred, it is suggested to describe an additional register stage after this function.  If there is no registered adder/accumulator following the multiply function, two pipeline stages are suggested to allow both the MREG and PREG registers to be used.  If the DSP48 was instantiated in the design, it is suggested to set both the MREG and PREG attributes to 1 when performing multiply functions.
Related violations: <none>

DPOP-4#26 Warning
MREG Output pipelining  
DSP design_1_i/emax6_0/inst/EMAX6_UNIT[6].unit/stage2_inst/exe1h/s__0 multiplier stage design_1_i/emax6_0/inst/EMAX6_UNIT[6].unit/stage2_inst/exe1h/s__0/P[47:0] is not pipelined (MREG=0). Pipelining the multiplier function will improve performance and will save significant power so it is suggested whenever possible to fully pipeline this function.  If this multiplier was inferred, it is suggested to describe an additional register stage after this function.  If there is no registered adder/accumulator following the multiply function, two pipeline stages are suggested to allow both the MREG and PREG registers to be used.  If the DSP48 was instantiated in the design, it is suggested to set both the MREG and PREG attributes to 1 when performing multiply functions.
Related violations: <none>

DPOP-4#27 Warning
MREG Output pipelining  
DSP design_1_i/emax6_0/inst/EMAX6_UNIT[6].unit/stage2_inst/exe1l/s multiplier stage design_1_i/emax6_0/inst/EMAX6_UNIT[6].unit/stage2_inst/exe1l/s/P[47:0] is not pipelined (MREG=0). Pipelining the multiplier function will improve performance and will save significant power so it is suggested whenever possible to fully pipeline this function.  If this multiplier was inferred, it is suggested to describe an additional register stage after this function.  If there is no registered adder/accumulator following the multiply function, two pipeline stages are suggested to allow both the MREG and PREG registers to be used.  If the DSP48 was instantiated in the design, it is suggested to set both the MREG and PREG attributes to 1 when performing multiply functions.
Related violations: <none>

DPOP-4#28 Warning
MREG Output pipelining  
DSP design_1_i/emax6_0/inst/EMAX6_UNIT[6].unit/stage2_inst/exe1l/s__0 multiplier stage design_1_i/emax6_0/inst/EMAX6_UNIT[6].unit/stage2_inst/exe1l/s__0/P[47:0] is not pipelined (MREG=0). Pipelining the multiplier function will improve performance and will save significant power so it is suggested whenever possible to fully pipeline this function.  If this multiplier was inferred, it is suggested to describe an additional register stage after this function.  If there is no registered adder/accumulator following the multiply function, two pipeline stages are suggested to allow both the MREG and PREG registers to be used.  If the DSP48 was instantiated in the design, it is suggested to set both the MREG and PREG attributes to 1 when performing multiply functions.
Related violations: <none>

DPOP-4#29 Warning
MREG Output pipelining  
DSP design_1_i/emax6_0/inst/EMAX6_UNIT[7].unit/stage2_inst/exe1h/s multiplier stage design_1_i/emax6_0/inst/EMAX6_UNIT[7].unit/stage2_inst/exe1h/s/P[47:0] is not pipelined (MREG=0). Pipelining the multiplier function will improve performance and will save significant power so it is suggested whenever possible to fully pipeline this function.  If this multiplier was inferred, it is suggested to describe an additional register stage after this function.  If there is no registered adder/accumulator following the multiply function, two pipeline stages are suggested to allow both the MREG and PREG registers to be used.  If the DSP48 was instantiated in the design, it is suggested to set both the MREG and PREG attributes to 1 when performing multiply functions.
Related violations: <none>

DPOP-4#30 Warning
MREG Output pipelining  
DSP design_1_i/emax6_0/inst/EMAX6_UNIT[7].unit/stage2_inst/exe1h/s__0 multiplier stage design_1_i/emax6_0/inst/EMAX6_UNIT[7].unit/stage2_inst/exe1h/s__0/P[47:0] is not pipelined (MREG=0). Pipelining the multiplier function will improve performance and will save significant power so it is suggested whenever possible to fully pipeline this function.  If this multiplier was inferred, it is suggested to describe an additional register stage after this function.  If there is no registered adder/accumulator following the multiply function, two pipeline stages are suggested to allow both the MREG and PREG registers to be used.  If the DSP48 was instantiated in the design, it is suggested to set both the MREG and PREG attributes to 1 when performing multiply functions.
Related violations: <none>

DPOP-4#31 Warning
MREG Output pipelining  
DSP design_1_i/emax6_0/inst/EMAX6_UNIT[7].unit/stage2_inst/exe1l/s multiplier stage design_1_i/emax6_0/inst/EMAX6_UNIT[7].unit/stage2_inst/exe1l/s/P[47:0] is not pipelined (MREG=0). Pipelining the multiplier function will improve performance and will save significant power so it is suggested whenever possible to fully pipeline this function.  If this multiplier was inferred, it is suggested to describe an additional register stage after this function.  If there is no registered adder/accumulator following the multiply function, two pipeline stages are suggested to allow both the MREG and PREG registers to be used.  If the DSP48 was instantiated in the design, it is suggested to set both the MREG and PREG attributes to 1 when performing multiply functions.
Related violations: <none>

DPOP-4#32 Warning
MREG Output pipelining  
DSP design_1_i/emax6_0/inst/EMAX6_UNIT[7].unit/stage2_inst/exe1l/s__0 multiplier stage design_1_i/emax6_0/inst/EMAX6_UNIT[7].unit/stage2_inst/exe1l/s__0/P[47:0] is not pipelined (MREG=0). Pipelining the multiplier function will improve performance and will save significant power so it is suggested whenever possible to fully pipeline this function.  If this multiplier was inferred, it is suggested to describe an additional register stage after this function.  If there is no registered adder/accumulator following the multiply function, two pipeline stages are suggested to allow both the MREG and PREG registers to be used.  If the DSP48 was instantiated in the design, it is suggested to set both the MREG and PREG attributes to 1 when performing multiply functions.
Related violations: <none>

RTSTAT-10#1 Warning
No routable loads  
3 net(s) have no routable loads. The problem bus(es) and/or net(s) are design_1_i/emax6_0/inst/EMAX6_UNIT[0].unit/Q[2],
design_1_i/emax6_0/inst/EMAX6_UNIT[4].unit/stage2_inst/exe1h/ex2d_r/conf1_reg[1]_1
design_1_i/emax6_0/inst/EMAX6_UNIT[6].unit/Q[2].
Related violations: <none>


