Copyright 1986-2019 Xilinx, Inc. All Rights Reserved.
-----------------------------------------------------------------------------------------------------------------------------
| Tool Version : Vivado v.2018.3.1 (lin64) Build 2489853 Tue Mar 26 04:18:30 MDT 2019
| Date         : Thu Mar 30 09:19:07 2023
| Host         : cad104.naist.jp running 64-bit CentOS Linux release 7.9.2009 (Core)
| Command      : report_utilization -file design_2_wrapper_utilization_placed.rpt -pb design_2_wrapper_utilization_placed.pb
| Design       : design_2_wrapper
| Device       : xczu9egffvb1156-2
| Design State : Fully Placed
-----------------------------------------------------------------------------------------------------------------------------

Utilization Design Information

Table of Contents
-----------------
1. CLB Logic
1.1 Summary of Registers by Type
2. CLB Logic Distribution
3. BLOCKRAM
4. ARITHMETIC
5. I/O
6. CLOCK
7. ADVANCED
8. CONFIGURATION
9. Primitives
10. Black Boxes
11. Instantiated Netlists

1. CLB Logic
------------

+----------------------------+--------+-------+-----------+-------+
|          Site Type         |  Used  | Fixed | Available | Util% |
+----------------------------+--------+-------+-----------+-------+
| CLB LUTs                   | 221644 |     0 |    274080 | 80.87 |
|   LUT as Logic             | 219467 |     0 |    274080 | 80.07 |
|   LUT as Memory            |   2177 |     0 |    144000 |  1.51 |
|     LUT as Distributed RAM |   1380 |     0 |           |       |
|     LUT as Shift Register  |    797 |     0 |           |       |
| CLB Registers              |  80277 |     0 |    548160 | 14.64 |
|   Register as Flip Flop    |  80277 |     0 |    548160 | 14.64 |
|   Register as Latch        |      0 |     0 |    548160 |  0.00 |
| CARRY8                     |   2098 |     0 |     34260 |  6.12 |
| F7 Muxes                   |    847 |     0 |    137040 |  0.62 |
| F8 Muxes                   |     56 |     0 |     68520 |  0.08 |
| F9 Muxes                   |      0 |     0 |     34260 |  0.00 |
+----------------------------+--------+-------+-----------+-------+


1.1 Summary of Registers by Type
--------------------------------

+-------+--------------+-------------+--------------+
| Total | Clock Enable | Synchronous | Asynchronous |
+-------+--------------+-------------+--------------+
| 0     |            _ |           - |            - |
| 0     |            _ |           - |          Set |
| 0     |            _ |           - |        Reset |
| 0     |            _ |         Set |            - |
| 0     |            _ |       Reset |            - |
| 0     |          Yes |           - |            - |
| 2164  |          Yes |           - |          Set |
| 66048 |          Yes |           - |        Reset |
| 255   |          Yes |         Set |            - |
| 11810 |          Yes |       Reset |            - |
+-------+--------------+-------------+--------------+


2. CLB Logic Distribution
-------------------------

+--------------------------------------------+--------+-------+-----------+-------+
|                  Site Type                 |  Used  | Fixed | Available | Util% |
+--------------------------------------------+--------+-------+-----------+-------+
| CLB                                        |  32762 |     0 |     34260 | 95.63 |
|   CLBL                                     |  15506 |     0 |           |       |
|   CLBM                                     |  17256 |     0 |           |       |
| LUT as Logic                               | 219467 |     0 |    274080 | 80.07 |
|   using O5 output only                     |    960 |       |           |       |
|   using O6 output only                     | 213296 |       |           |       |
|   using O5 and O6                          |   5211 |       |           |       |
| LUT as Memory                              |   2177 |     0 |    144000 |  1.51 |
|   LUT as Distributed RAM                   |   1380 |     0 |           |       |
|     using O5 output only                   |      0 |       |           |       |
|     using O6 output only                   |      4 |       |           |       |
|     using O5 and O6                        |   1376 |       |           |       |
|   LUT as Shift Register                    |    797 |     0 |           |       |
|     using O5 output only                   |      0 |       |           |       |
|     using O6 output only                   |    797 |       |           |       |
|     using O5 and O6                        |      0 |       |           |       |
| CLB Registers                              |  80277 |     0 |    548160 | 14.64 |
|   Register driven from within the CLB      |  57788 |       |           |       |
|   Register driven from outside the CLB     |  22489 |       |           |       |
|     LUT in front of the register is unused |   3909 |       |           |       |
|     LUT in front of the register is used   |  18580 |       |           |       |
| Unique Control Sets                        |   1625 |       |     68520 |  2.37 |
+--------------------------------------------+--------+-------+-----------+-------+
* Note: Available Control Sets calculated as CLB Registers / 8, Review the Control Sets Report for more information regarding control sets.


3. BLOCKRAM
-----------

+-------------------+------+-------+-----------+-------+
|     Site Type     | Used | Fixed | Available | Util% |
+-------------------+------+-------+-----------+-------+
| Block RAM Tile    |  288 |     0 |       912 | 31.58 |
|   RAMB36/FIFO*    |  288 |     0 |       912 | 31.58 |
|     RAMB36E2 only |  288 |       |           |       |
|   RAMB18          |    0 |     0 |      1824 |  0.00 |
+-------------------+------+-------+-----------+-------+
* Note: Each Block RAM Tile only has one FIFO logic available and therefore can accommodate only one FIFO36E2 or one FIFO18E2. However, if a FIFO18E2 occupies a Block RAM Tile, that tile can still accommodate a RAMB18E2


4. ARITHMETIC
-------------

+----------------+------+-------+-----------+-------+
|    Site Type   | Used | Fixed | Available | Util% |
+----------------+------+-------+-----------+-------+
| DSPs           |   32 |     0 |      2520 |  1.27 |
|   DSP48E2 only |   32 |       |           |       |
+----------------+------+-------+-----------+-------+


5. I/O
------

+------------------+------+-------+-----------+-------+
|     Site Type    | Used | Fixed | Available | Util% |
+------------------+------+-------+-----------+-------+
| Bonded IOB       |    2 |     2 |       328 |  0.61 |
| HPIOB_M          |    1 |     1 |        96 |  1.04 |
|   INPUT          |    1 |       |           |       |
|   OUTPUT         |    0 |       |           |       |
|   BIDIR          |    0 |       |           |       |
| HPIOB_S          |    1 |     1 |        96 |  1.04 |
|   INPUT          |    1 |       |           |       |
|   OUTPUT         |    0 |       |           |       |
|   BIDIR          |    0 |       |           |       |
| HDIOB_M          |    0 |     0 |        60 |  0.00 |
| HDIOB_S          |    0 |     0 |        60 |  0.00 |
| HPIOB_SNGL       |    0 |     0 |        16 |  0.00 |
| HPIOBDIFFINBUF   |    1 |     1 |        96 |  1.04 |
|   DIFFINBUF      |    1 |     1 |           |       |
| HPIOBDIFFOUTBUF  |    0 |     0 |        96 |  0.00 |
| HDIOBDIFFINBUF   |    0 |     0 |        60 |  0.00 |
| BITSLICE_CONTROL |    0 |     0 |        32 |  0.00 |
| BITSLICE_RX_TX   |    0 |     0 |       208 |  0.00 |
| BITSLICE_TX      |    0 |     0 |        32 |  0.00 |
| RIU_OR           |    0 |     0 |        16 |  0.00 |
+------------------+------+-------+-----------+-------+


6. CLOCK
--------

+----------------------+------+-------+-----------+-------+
|       Site Type      | Used | Fixed | Available | Util% |
+----------------------+------+-------+-----------+-------+
| GLOBAL CLOCK BUFFERs |    3 |     0 |       404 |  0.74 |
|   BUFGCE             |    3 |     0 |       116 |  2.59 |
|   BUFGCE_DIV         |    0 |     0 |        16 |  0.00 |
|   BUFG_GT            |    0 |     0 |       168 |  0.00 |
|   BUFG_PS            |    0 |     0 |        72 |  0.00 |
|   BUFGCTRL*          |    0 |     0 |        32 |  0.00 |
| PLL                  |    1 |     0 |         8 | 12.50 |
| MMCM                 |    0 |     0 |         4 |  0.00 |
+----------------------+------+-------+-----------+-------+
* Note: Each used BUFGCTRL counts as two global buffer resources. This table does not include global clocking resources, only buffer cell usage. See the Clock Utilization Report (report_clock_utilization) for detailed accounting of global clocking resource availability.


7. ADVANCED
-----------

+-----------------+------+-------+-----------+--------+
|    Site Type    | Used | Fixed | Available |  Util% |
+-----------------+------+-------+-----------+--------+
| GTHE4_CHANNEL   |    0 |     0 |        24 |   0.00 |
| GTHE4_COMMON    |    0 |     0 |         6 |   0.00 |
| OBUFDS_GTE4     |    0 |     0 |        12 |   0.00 |
| OBUFDS_GTE4_ADV |    0 |     0 |        12 |   0.00 |
| PS8             |    1 |     0 |         1 | 100.00 |
| SYSMONE4        |    0 |     0 |         1 |   0.00 |
+-----------------+------+-------+-----------+--------+


8. CONFIGURATION
----------------

+-------------+------+-------+-----------+-------+
|  Site Type  | Used | Fixed | Available | Util% |
+-------------+------+-------+-----------+-------+
| BSCANE2     |    0 |     0 |         4 |  0.00 |
| DNA_PORTE2  |    0 |     0 |         1 |  0.00 |
| EFUSE_USR   |    0 |     0 |         1 |  0.00 |
| FRAME_ECCE4 |    0 |     0 |         1 |  0.00 |
| ICAPE3      |    0 |     0 |         2 |  0.00 |
| MASTER_JTAG |    0 |     0 |         1 |  0.00 |
| STARTUPE3   |    0 |     0 |         1 |  0.00 |
+-------------+------+-------+-----------+-------+


9. Primitives
-------------

+-----------+-------+---------------------+
|  Ref Name |  Used | Functional Category |
+-----------+-------+---------------------+
| LUT6      | 89168 |                 CLB |
| FDCE      | 66048 |            Register |
| LUT4      | 58995 |                 CLB |
| LUT5      | 37187 |                 CLB |
| LUT3      | 24093 |                 CLB |
| LUT2      | 14866 |                 CLB |
| FDRE      | 11810 |            Register |
| RAMD32    |  2412 |                 CLB |
| FDPE      |  2164 |            Register |
| CARRY8    |  2098 |                 CLB |
| MUXF7     |   847 |                 CLB |
| SRLC32E   |   548 |                 CLB |
| LUT1      |   369 |                 CLB |
| RAMS32    |   344 |                 CLB |
| RAMB36E2  |   288 |           Block Ram |
| FDSE      |   255 |            Register |
| SRL16E    |   249 |                 CLB |
| MUXF8     |    56 |                 CLB |
| DSP48E2   |    32 |          Arithmetic |
| BUFGCE    |     3 |               Clock |
| PS8       |     1 |            Advanced |
| PLLE4_ADV |     1 |               Clock |
| IBUFCTRL  |     1 |              Others |
| DIFFINBUF |     1 |                 I/O |
+-----------+-------+---------------------+


10. Black Boxes
---------------

+----------+------+
| Ref Name | Used |
+----------+------+


11. Instantiated Netlists
-------------------------

+----------+------+
| Ref Name | Used |
+----------+------+


