Copyright 1986-2019 Xilinx, Inc. All Rights Reserved.
----------------------------------------------------------------------------------------------------------------------------------------------------------------------
| Tool Version     : Vivado v.2018.3.1 (lin64) Build 2489853 Tue Mar 26 04:18:30 MDT 2019
| Date             : Thu Mar 30 10:15:01 2023
| Host             : cad104.naist.jp running 64-bit CentOS Linux release 7.9.2009 (Core)
| Command          : report_power -file design_2_wrapper_power_routed.rpt -pb design_2_wrapper_power_summary_routed.pb -rpx design_2_wrapper_power_routed.rpx
| Design           : design_2_wrapper
| Device           : xczu9eg-ffvb1156-2-e
| Design State     : routed
| Grade            : extended
| Process          : typical
| Characterization : Production
----------------------------------------------------------------------------------------------------------------------------------------------------------------------

Power Report

Table of Contents
-----------------
1. Summary
1.1 On-Chip Components
1.2 Power Supply Summary
1.3 Confidence Level
2. Settings
2.1 Environment
2.2 Clock Constraints
3. Detailed Reports
3.1 By Hierarchy

1. Summary
----------

+--------------------------+--------------+
| Total On-Chip Power (W)  | 7.787        |
| Design Power Budget (W)  | Unspecified* |
| Power Budget Margin (W)  | NA           |
| Dynamic (W)              | 7.030        |
| Device Static (W)        | 0.757        |
| Effective TJA (C/W)      | 1.0          |
| Max Ambient (C)          | 92.5         |
| Junction Temperature (C) | 32.5         |
| Confidence Level         | Medium       |
| Setting File             | ---          |
| Simulation Activity File | ---          |
| Design Nets Matched      | NA           |
+--------------------------+--------------+
* Specify Design Power Budget using, set_operating_conditions -design_power_budget <value in Watts>


1.1 On-Chip Components
----------------------

+--------------------------+-----------+----------+-----------+-----------------+
| On-Chip                  | Power (W) | Used     | Available | Utilization (%) |
+--------------------------+-----------+----------+-----------+-----------------+
| Clocks                   |     0.557 |        6 |       --- |             --- |
| CLB Logic                |     1.396 |   313529 |       --- |             --- |
|   LUT as Logic           |     1.207 |   219877 |    274080 |           80.22 |
|   LUT as Distributed RAM |     0.136 |     1380 |    144000 |            0.96 |
|   Register               |     0.024 |    80358 |    548160 |           14.66 |
|   LUT as Shift Register  |     0.015 |      797 |    144000 |            0.55 |
|   CARRY8                 |     0.014 |     2098 |     34260 |            6.12 |
|   Others                 |     0.000 |     1540 |       --- |             --- |
|   F7/F8 Muxes            |     0.000 |      903 |    274080 |            0.33 |
|   BUFG                   |     0.000 |        1 |        32 |            3.13 |
| Signals                  |     2.016 |   253288 |       --- |             --- |
| Block RAM                |     0.211 |      288 |       912 |           31.58 |
| PLL                      |     0.053 |        1 |       --- |             --- |
| DSPs                     |     0.013 |       32 |      2520 |            1.27 |
| I/O                      |     0.003 |        2 |       328 |            0.61 |
| PS8                      |     2.781 |        1 |       --- |             --- |
| Static Power             |     0.757 |          |           |                 |
|   PS Static              |     0.103 |          |           |                 |
|   PL Static              |     0.654 |          |           |                 |
| Total                    |     7.787 |          |           |                 |
+--------------------------+-----------+----------+-----------+-----------------+


1.2 Power Supply Summary
------------------------

+-----------------+-------------+-----------+-------------+------------+
| Source          | Voltage (V) | Total (A) | Dynamic (A) | Static (A) |
+-----------------+-------------+-----------+-------------+------------+
| Vccint          |       0.850 |     5.168 |       4.929 |      0.239 |
| Vccint_io       |       0.850 |     0.037 |       0.001 |      0.036 |
| Vccbram         |       0.850 |     0.008 |       0.004 |      0.004 |
| Vccaux          |       1.800 |     0.220 |       0.029 |      0.191 |
| Vccaux_io       |       1.800 |     0.034 |       0.001 |      0.033 |
| Vcco33          |       3.300 |     0.000 |       0.000 |      0.000 |
| Vcco25          |       2.500 |     0.000 |       0.000 |      0.000 |
| Vcco18          |       1.800 |     0.000 |       0.000 |      0.000 |
| Vcco15          |       1.500 |     0.000 |       0.000 |      0.000 |
| Vcco135         |       1.350 |     0.000 |       0.000 |      0.000 |
| Vcco12          |       1.200 |     0.000 |       0.000 |      0.000 |
| Vcco10          |       1.000 |     0.000 |       0.000 |      0.000 |
| Vccadc          |       1.800 |     0.008 |       0.000 |      0.008 |
| VCC_PSINTFP     |       0.850 |     1.125 |       1.086 |      0.039 |
| VCC_PSINTLP     |       0.850 |     0.276 |       0.268 |      0.008 |
| VPS_MGTRAVCC    |       0.850 |     0.190 |       0.189 |      0.001 |
| VCC_PSINTFP_DDR |       0.850 |     0.701 |       0.696 |      0.005 |
| VCC_PSPLL       |       1.200 |     0.073 |       0.071 |      0.002 |
| VPS_MGTRAVTT    |       1.800 |     0.034 |       0.033 |      0.001 |
| VCCO_PSDDR_504  |       1.200 |     0.626 |       0.592 |      0.034 |
| VCC_PSAUX       |       1.800 |     0.002 |       0.000 |      0.002 |
| VCC_PSBATT      |       1.200 |     0.000 |       0.000 |      0.000 |
| VCC_PSDDR_PLL   |       1.800 |     0.012 |       0.011 |      0.001 |
| VCCO_PSIO0_500  |       1.800 |     0.001 |       0.001 |      0.001 |
| VCCO_PSIO1_501  |       1.800 |     0.001 |       0.000 |      0.001 |
| VCCO_PSIO2_502  |       1.800 |     0.001 |       0.000 |      0.001 |
| VCCO_PSIO3_503  |       1.800 |     0.001 |       0.000 |      0.001 |
| VCC_PSADC       |       1.800 |     0.002 |       0.000 |      0.002 |
| MGTAVcc         |       0.900 |     0.000 |       0.000 |      0.000 |
| MGTAVtt         |       1.200 |     0.000 |       0.000 |      0.000 |
| MGTVccaux       |       1.800 |     0.000 |       0.000 |      0.000 |
+-----------------+-------------+-----------+-------------+------------+


1.3 Confidence Level
--------------------

+-----------------------------+------------+------------------------------------------------+------------------------------------------------------------------------------------------------------------+
| User Input Data             | Confidence | Details                                        | Action                                                                                                     |
+-----------------------------+------------+------------------------------------------------+------------------------------------------------------------------------------------------------------------+
| Design implementation state | High       | Design is routed                               |                                                                                                            |
| Clock nodes activity        | High       | User specified more than 95% of clocks         |                                                                                                            |
| I/O nodes activity          | High       | User specified more than 95% of inputs         |                                                                                                            |
| Internal nodes activity     | Medium     | User specified less than 25% of internal nodes | Provide missing internal nodes activity with simulation results or by editing the "By Resource Type" views |
| Device models               | High       | Device models are Production                   |                                                                                                            |
|                             |            |                                                |                                                                                                            |
| Overall confidence level    | Medium     |                                                |                                                                                                            |
+-----------------------------+------------+------------------------------------------------+------------------------------------------------------------------------------------------------------------+


2. Settings
-----------

2.1 Environment
---------------

+-----------------------+--------------------------+
| Ambient Temp (C)      | 25.0                     |
| ThetaJA (C/W)         | 1.0                      |
| Airflow (LFM)         | 250                      |
| Heat Sink             | medium (Medium Profile)  |
| ThetaSA (C/W)         | 1.5                      |
| Board Selection       | medium (10"x10")         |
| # of Board Layers     | 12to15 (12 to 15 Layers) |
| Board Temperature (C) | 25.0                     |
+-----------------------+--------------------------+


2.2 Clock Constraints
---------------------

+-------------------------------+---------------------------------------------------------+-----------------+
| Clock                         | Domain                                                  | Constraint (ns) |
+-------------------------------+---------------------------------------------------------+-----------------+
| clk_out1_design_2_clk_wiz_0_0 | design_2_i/clk_wiz_0/inst/clk_out1_design_2_clk_wiz_0_0 |             3.0 |
| clk_out2_design_2_clk_wiz_0_0 | design_2_i/clk_wiz_0/inst/clk_out2_design_2_clk_wiz_0_0 |             5.0 |
| user_si570_sysclk_clk_p       | user_si570_sysclk_clk_p                                 |             3.3 |
+-------------------------------+---------------------------------------------------------+-----------------+


3. Detailed Reports
-------------------

3.1 By Hierarchy
----------------

+-----------------------+-----------+
| Name                  | Power (W) |
+-----------------------+-----------+
| design_2_wrapper      |     7.030 |
|   design_2_i          |     7.030 |
|     axi_smc           |     0.414 |
|       inst            |     0.414 |
|     clk_wiz_0         |     0.057 |
|       inst            |     0.057 |
|     emax6_0           |     3.769 |
|       inst            |     3.769 |
|     zynq_ultra_ps_e_0 |     2.790 |
|       inst            |     2.790 |
+-----------------------+-----------+


